# JRE version: OpenJDK Runtime Environment Temurin-17.0.9+9 (17.0.9+9) (build 17.0.9+9)
# Java VM: OpenJDK 64-Bit Server VM Temurin-17.0.9+9 (17.0.9+9, mixed mode, tiered, compressed oops, compressed class ptrs, parallel gc, windows-amd64)
GC Precious Log:
 CPUs: 8 total, 8 available
 Memory: 7792M
 Large Page Support: Disabled
 NUMA Support: Disabled
 Compressed Oops: Enabled (32-bit)
 Alignments: Space 512K, Generation 512K, Heap 2M
 Heap Min Capacity: 100M
 Heap Initial Capacity: 100M
 Heap Max Capacity: 2G
 Pre-touch: Disabled
 Parallel Workers: 8
Heap:
 PSYoungGen      total 6144K, used 4266K [0x00000000d5580000, 0x00000000d5c80000, 0x0000000100000000)
  eden space 4096K, 89% used [0x00000000d5580000,0x00000000d59118f0,0x00000000d5980000)
  from space 2048K, 29% used [0x00000000d5980000,0x00000000d5a19210,0x00000000d5b80000)
  to   space 1024K, 0% used [0x00000000d5b80000,0x00000000d5b80000,0x00000000d5c80000)
 ParOldGen       total 131072K, used 104364K [0x0000000080000000, 0x0000000088000000, 0x00000000d5580000)
  object space 131072K, 79% used [0x0000000080000000,0x00000000865eb058,0x0000000088000000)
 Metaspace       used 79302K, committed 80768K, reserved 1179648K
  class space    used 8125K, committed 8768K, reserved 1048576K
GC Heap History (20 events):
Event: 53.392 GC heap before
{Heap before GC invocations=534 (full 15):
 PSYoungGen      total 3072K, used 2912K [0x00000000d5580000, 0x00000000d5980000, 0x0000000100000000)
  eden space 2560K, 100% used [0x00000000d5580000,0x00000000d5800000,0x00000000d5800000)
  from space 512K, 68% used [0x00000000d5900000,0x00000000d5958000,0x00000000d5980000)
  to   space 512K, 0% used [0x00000000d5880000,0x00000000d5880000,0x00000000d5900000)
 ParOldGen       total 124416K, used 115532K [0x0000000080000000, 0x0000000087980000, 0x00000000d5580000)
  object space 124416K, 92% used [0x0000000080000000,0x00000000870d30e8,0x0000000087980000)
 Metaspace       used 79267K, committed 80704K, reserved 1179648K
  class space    used 8125K, committed 8768K, reserved 1048576K
}
Event: 53.395 GC heap after
{Heap after GC invocations=534 (full 15):
 PSYoungGen      total 3584K, used 500K [0x00000000d5580000, 0x00000000d5a80000, 0x0000000100000000)
  eden space 3072K, 0% used [0x00000000d5580000,0x00000000d5580000,0x00000000d5880000)
  from space 512K, 97% used [0x00000000d5880000,0x00000000d58fd200,0x00000000d5900000)
  to   space 1024K, 0% used [0x00000000d5980000,0x00000000d5980000,0x00000000d5a80000)
 ParOldGen       total 124416K, used 115740K [0x0000000080000000, 0x0000000087980000, 0x00000000d5580000)
  object space 124416K, 93% used [0x0000000080000000,0x00000000871070e8,0x0000000087980000)
 Metaspace       used 79267K, committed 80704K, reserved 1179648K
  class space    used 8125K, committed 8768K, reserved 1048576K
}
Event: 53.427 GC heap before
{Heap before GC invocations=535 (full 15):
 PSYoungGen      total 3584K, used 3572K [0x00000000d5580000, 0x00000000d5a80000, 0x0000000100000000)
  eden space 3072K, 100% used [0x00000000d5580000,0x00000000d5880000,0x00000000d5880000)
  from space 512K, 97% used [0x00000000d5880000,0x00000000d58fd200,0x00000000d5900000)
  to   space 1024K, 0% used [0x00000000d5980000,0x00000000d5980000,0x00000000d5a80000)
 ParOldGen       total 124416K, used 115740K [0x0000000080000000, 0x0000000087980000, 0x00000000d5580000)
  object space 124416K, 93% used [0x0000000080000000,0x00000000871070e8,0x0000000087980000)
 Metaspace       used 79270K, committed 80704K, reserved 1179648K
  class space    used 8125K, committed 8768K, reserved 1048576K
}
Event: 53.430 GC heap after
{Heap after GC invocations=535 (full 15):
 PSYoungGen      total 4096K, used 768K [0x00000000d5580000, 0x00000000d5b80000, 0x0000000100000000)
  eden space 3072K, 0% used [0x00000000d5580000,0x00000000d5580000,0x00000000d5880000)
  from space 1024K, 75% used [0x00000000d5980000,0x00000000d5a40000,0x00000000d5a80000)
  to   space 1024K, 0% used [0x00000000d5880000,0x00000000d5880000,0x00000000d5980000)
 ParOldGen       total 124416K, used 116152K [0x0000000080000000, 0x0000000087980000, 0x00000000d5580000)
  object space 124416K, 93% used [0x0000000080000000,0x000000008716e2e8,0x0000000087980000)
 Metaspace       used 79270K, committed 80704K, reserved 1179648K
  class space    used 8125K, committed 8768K, reserved 1048576K
}
Event: 53.632 GC heap before
{Heap before GC invocations=536 (full 15):
 PSYoungGen      total 4096K, used 3840K [0x00000000d5580000, 0x00000000d5b80000, 0x0000000100000000)
  eden space 3072K, 100% used [0x00000000d5580000,0x00000000d5880000,0x00000000d5880000)
  from space 1024K, 75% used [0x00000000d5980000,0x00000000d5a40000,0x00000000d5a80000)
  to   space 1024K, 0% used [0x00000000d5880000,0x00000000d5880000,0x00000000d5980000)
 ParOldGen       total 124416K, used 116152K [0x0000000080000000, 0x0000000087980000, 0x00000000d5580000)
  object space 124416K, 93% used [0x0000000080000000,0x000000008716e2e8,0x0000000087980000)
 Metaspace       used 79275K, committed 80704K, reserved 1179648K
  class space    used 8125K, committed 8768K, reserved 1048576K
}
Event: 53.637 GC heap after
{Heap after GC invocations=536 (full 15):
 PSYoungGen      total 4096K, used 697K [0x00000000d5580000, 0x00000000d5b80000, 0x0000000100000000)
  eden space 3072K, 0% used [0x00000000d5580000,0x00000000d5580000,0x00000000d5880000)
  from space 1024K, 68% used [0x00000000d5880000,0x00000000d592e410,0x00000000d5980000)
  to   space 1024K, 0% used [0x00000000d5a80000,0x00000000d5a80000,0x00000000d5b80000)
 ParOldGen       total 124416K, used 116792K [0x0000000080000000, 0x0000000087980000, 0x00000000d5580000)
  object space 124416K, 93% used [0x0000000080000000,0x000000008720e308,0x0000000087980000)
 Metaspace       used 79275K, committed 80704K, reserved 1179648K
  class space    used 8125K, committed 8768K, reserved 1048576K
}
Event: 53.690 GC heap before
{Heap before GC invocations=537 (full 15):
 PSYoungGen      total 4096K, used 3769K [0x00000000d5580000, 0x00000000d5b80000, 0x0000000100000000)
  eden space 3072K, 100% used [0x00000000d5580000,0x00000000d5880000,0x00000000d5880000)
  from space 1024K, 68% used [0x00000000d5880000,0x00000000d592e410,0x00000000d5980000)
  to   space 1024K, 0% used [0x00000000d5a80000,0x00000000d5a80000,0x00000000d5b80000)
 ParOldGen       total 124416K, used 116792K [0x0000000080000000, 0x0000000087980000, 0x00000000d5580000)
  object space 124416K, 93% used [0x0000000080000000,0x000000008720e308,0x0000000087980000)
 Metaspace       used 79276K, committed 80704K, reserved 1179648K
  class space    used 8125K, committed 8768K, reserved 1048576K
}
Event: 53.693 GC heap after
{Heap after GC invocations=537 (full 15):
 PSYoungGen      total 4096K, used 622K [0x00000000d5580000, 0x00000000d5b80000, 0x0000000100000000)
  eden space 3072K, 0% used [0x00000000d5580000,0x00000000d5580000,0x00000000d5880000)
  from space 1024K, 60% used [0x00000000d5a80000,0x00000000d5b1ba50,0x00000000d5b80000)
  to   space 1024K, 0% used [0x00000000d5880000,0x00000000d5880000,0x00000000d5980000)
 ParOldGen       total 124416K, used 117325K [0x0000000080000000, 0x0000000087980000, 0x00000000d5580000)
  object space 124416K, 94% used [0x0000000080000000,0x0000000087293528,0x0000000087980000)
 Metaspace       used 79276K, committed 80704K, reserved 1179648K
  class space    used 8125K, committed 8768K, reserved 1048576K
}
Event: 53.784 GC heap before
{Heap before GC invocations=538 (full 15):
 PSYoungGen      total 4096K, used 3694K [0x00000000d5580000, 0x00000000d5b80000, 0x0000000100000000)
  eden space 3072K, 100% used [0x00000000d5580000,0x00000000d5880000,0x00000000d5880000)
  from space 1024K, 60% used [0x00000000d5a80000,0x00000000d5b1ba50,0x00000000d5b80000)
  to   space 1024K, 0% used [0x00000000d5880000,0x00000000d5880000,0x00000000d5980000)
 ParOldGen       total 124416K, used 117325K [0x0000000080000000, 0x0000000087980000, 0x00000000d5580000)
  object space 124416K, 94% used [0x0000000080000000,0x0000000087293528,0x0000000087980000)
 Metaspace       used 79276K, committed 80704K, reserved 1179648K
  class space    used 8125K, committed 8768K, reserved 1048576K
}
Event: 53.788 GC heap after
{Heap after GC invocations=538 (full 15):
 PSYoungGen      total 4096K, used 1016K [0x00000000d5580000, 0x00000000d5f80000, 0x0000000100000000)
  eden space 3072K, 0% used [0x00000000d5580000,0x00000000d5580000,0x00000000d5880000)
  from space 1024K, 99% used [0x00000000d5880000,0x00000000d597e3b0,0x00000000d5980000)
  to   space 3584K, 0% used [0x00000000d5c00000,0x00000000d5c00000,0x00000000d5f80000)
 ParOldGen       total 124416K, used 119029K [0x0000000080000000, 0x0000000087980000, 0x00000000d5580000)
  object space 124416K, 95% used [0x0000000080000000,0x000000008743d528,0x0000000087980000)
 Metaspace       used 79276K, committed 80704K, reserved 1179648K
  class space    used 8125K, committed 8768K, reserved 1048576K
}
Event: 53.849 GC heap before
{Heap before GC invocations=539 (full 15):
 PSYoungGen      total 4096K, used 4088K [0x00000000d5580000, 0x00000000d5f80000, 0x0000000100000000)
  eden space 3072K, 100% used [0x00000000d5580000,0x00000000d5880000,0x00000000d5880000)
  from space 1024K, 99% used [0x00000000d5880000,0x00000000d597e3b0,0x00000000d5980000)
  to   space 3584K, 0% used [0x00000000d5c00000,0x00000000d5c00000,0x00000000d5f80000)
 ParOldGen       total 124416K, used 119029K [0x0000000080000000, 0x0000000087980000, 0x00000000d5580000)
  object space 124416K, 95% used [0x0000000080000000,0x000000008743d528,0x0000000087980000)
 Metaspace       used 79288K, committed 80704K, reserved 1179648K
  class space    used 8125K, committed 8768K, reserved 1048576K
}
Event: 53.855 GC heap after
{Heap after GC invocations=539 (full 15):
 PSYoungGen      total 6656K, used 3104K [0x00000000d5580000, 0x00000000d5f80000, 0x0000000100000000)
  eden space 3072K, 0% used [0x00000000d5580000,0x00000000d5580000,0x00000000d5880000)
  from space 3584K, 86% used [0x00000000d5c00000,0x00000000d5f08000,0x00000000d5f80000)
  to   space 3584K, 0% used [0x00000000d5880000,0x00000000d5880000,0x00000000d5c00000)
 ParOldGen       total 124416K, used 120070K [0x0000000080000000, 0x0000000087980000, 0x00000000d5580000)
  object space 124416K, 96% used [0x0000000080000000,0x00000000875418d8,0x0000000087980000)
 Metaspace       used 79288K, committed 80704K, reserved 1179648K
  class space    used 8125K, committed 8768K, reserved 1048576K
}
Event: 53.868 GC heap before
{Heap before GC invocations=540 (full 15):
 PSYoungGen      total 6656K, used 6175K [0x00000000d5580000, 0x00000000d5f80000, 0x0000000100000000)
  eden space 3072K, 99% used [0x00000000d5580000,0x00000000d587ffe8,0x00000000d5880000)
  from space 3584K, 86% used [0x00000000d5c00000,0x00000000d5f08000,0x00000000d5f80000)
  to   space 3584K, 0% used [0x00000000d5880000,0x00000000d5880000,0x00000000d5c00000)
 ParOldGen       total 124416K, used 120070K [0x0000000080000000, 0x0000000087980000, 0x00000000d5580000)
  object space 124416K, 96% used [0x0000000080000000,0x00000000875418d8,0x0000000087980000)
 Metaspace       used 79288K, committed 80704K, reserved 1179648K
  class space    used 8125K, committed 8768K, reserved 1048576K
}
Event: 53.875 GC heap after
{Heap after GC invocations=540 (full 15):
 PSYoungGen      total 6656K, used 1602K [0x00000000d5580000, 0x00000000d5e80000, 0x0000000100000000)
  eden space 3072K, 0% used [0x00000000d5580000,0x00000000d5580000,0x00000000d5880000)
  from space 3584K, 44% used [0x00000000d5880000,0x00000000d5a10900,0x00000000d5c00000)
  to   space 2560K, 0% used [0x00000000d5c00000,0x00000000d5c00000,0x00000000d5e80000)
 ParOldGen       total 124416K, used 123102K [0x0000000080000000, 0x0000000087980000, 0x00000000d5580000)
  object space 124416K, 98% used [0x0000000080000000,0x00000000878378d8,0x0000000087980000)
 Metaspace       used 79288K, committed 80704K, reserved 1179648K
  class space    used 8125K, committed 8768K, reserved 1048576K
}
Event: 53.875 GC heap before
{Heap before GC invocations=541 (full 16):
 PSYoungGen      total 6656K, used 1602K [0x00000000d5580000, 0x00000000d5e80000, 0x0000000100000000)
  eden space 3072K, 0% used [0x00000000d5580000,0x00000000d5580000,0x00000000d5880000)
  from space 3584K, 44% used [0x00000000d5880000,0x00000000d5a10900,0x00000000d5c00000)
  to   space 2560K, 0% used [0x00000000d5c00000,0x00000000d5c00000,0x00000000d5e80000)
 ParOldGen       total 124416K, used 123102K [0x0000000080000000, 0x0000000087980000, 0x00000000d5580000)
  object space 124416K, 98% used [0x0000000080000000,0x00000000878378d8,0x0000000087980000)
 Metaspace       used 79288K, committed 80704K, reserved 1179648K
  class space    used 8125K, committed 8768K, reserved 1048576K
}
Event: 54.061 GC heap after
{Heap after GC invocations=541 (full 16):
 PSYoungGen      total 6656K, used 0K [0x00000000d5580000, 0x00000000d5e80000, 0x0000000100000000)
  eden space 4096K, 0% used [0x00000000d5580000,0x00000000d5580000,0x00000000d5980000)
  from space 2560K, 0% used [0x00000000d5c00000,0x00000000d5c00000,0x00000000d5e80000)
  to   space 2560K, 0% used [0x00000000d5980000,0x00000000d5980000,0x00000000d5c00000)
 ParOldGen       total 131072K, used 101742K [0x0000000080000000, 0x0000000088000000, 0x00000000d5580000)
  object space 131072K, 77% used [0x0000000080000000,0x000000008635ba68,0x0000000088000000)
 Metaspace       used 79288K, committed 80704K, reserved 1179648K
  class space    used 8125K, committed 8768K, reserved 1048576K
}
Event: 54.086 GC heap before
{Heap before GC invocations=542 (full 16):
 PSYoungGen      total 6656K, used 4096K [0x00000000d5580000, 0x00000000d5e80000, 0x0000000100000000)
  eden space 4096K, 100% used [0x00000000d5580000,0x00000000d5980000,0x00000000d5980000)
  from space 2560K, 0% used [0x00000000d5c00000,0x00000000d5c00000,0x00000000d5e80000)
  to   space 2560K, 0% used [0x00000000d5980000,0x00000000d5980000,0x00000000d5c00000)
 ParOldGen       total 131072K, used 101742K [0x0000000080000000, 0x0000000088000000, 0x00000000d5580000)
  object space 131072K, 77% used [0x0000000080000000,0x000000008635ba68,0x0000000088000000)
 Metaspace       used 79288K, committed 80704K, reserved 1179648K
  class space    used 8125K, committed 8768K, reserved 1048576K
}
Event: 54.090 GC heap after
{Heap after GC invocations=542 (full 16):
 PSYoungGen      total 6144K, used 1808K [0x00000000d5580000, 0x00000000d5d80000, 0x0000000100000000)
  eden space 4096K, 0% used [0x00000000d5580000,0x00000000d5580000,0x00000000d5980000)
  from space 2048K, 88% used [0x00000000d5980000,0x00000000d5b44000,0x00000000d5b80000)
  to   space 2048K, 0% used [0x00000000d5b80000,0x00000000d5b80000,0x00000000d5d80000)
 ParOldGen       total 131072K, used 101742K [0x0000000080000000, 0x0000000088000000, 0x00000000d5580000)
  object space 131072K, 77% used [0x0000000080000000,0x000000008635ba68,0x0000000088000000)
 Metaspace       used 79288K, committed 80704K, reserved 1179648K
  class space    used 8125K, committed 8768K, reserved 1048576K
}
Event: 54.584 GC heap before
{Heap before GC invocations=543 (full 16):
 PSYoungGen      total 6144K, used 5904K [0x00000000d5580000, 0x00000000d5d80000, 0x0000000100000000)
  eden space 4096K, 100% used [0x00000000d5580000,0x00000000d5980000,0x00000000d5980000)
  from space 2048K, 88% used [0x00000000d5980000,0x00000000d5b44000,0x00000000d5b80000)
  to   space 2048K, 0% used [0x00000000d5b80000,0x00000000d5b80000,0x00000000d5d80000)
 ParOldGen       total 131072K, used 101742K [0x0000000080000000, 0x0000000088000000, 0x00000000d5580000)
  object space 131072K, 77% used [0x0000000080000000,0x000000008635ba68,0x0000000088000000)
 Metaspace       used 79299K, committed 80704K, reserved 1179648K
  class space    used 8125K, committed 8768K, reserved 1048576K
}
Event: 54.588 GC heap after
{Heap after GC invocations=543 (full 16):
 PSYoungGen      total 6144K, used 1433K [0x00000000d5580000, 0x00000000d5d80000, 0x0000000100000000)
  eden space 4096K, 0% used [0x00000000d5580000,0x00000000d5580000,0x00000000d5980000)
  from space 2048K, 69% used [0x00000000d5b80000,0x00000000d5ce6410,0x00000000d5d80000)
  to   space 2048K, 0% used [0x00000000d5980000,0x00000000d5980000,0x00000000d5b80000)
 ParOldGen       total 131072K, used 103166K [0x0000000080000000, 0x0000000088000000, 0x00000000d5580000)
  object space 131072K, 78% used [0x0000000080000000,0x00000000864bfa68,0x0000000088000000)
 Metaspace       used 79299K, committed 80704K, reserved 1179648K
  class space    used 8125K, committed 8768K, reserved 1048576K
}

