# JRE version: OpenJDK Runtime Environment Zulu17.32+13-CA (17.0.2+8) (build 17.0.2+8-LTS)
# Java VM: OpenJDK 64-Bit Server VM Zulu17.32+13-CA (17.0.2+8-LTS, mixed mode, sharing, tiered, compressed oops, compressed class ptrs, g1 gc, windows-amd64)
GC Precious Log:
 CPUs: 8 total, 8 available
 Memory: 7792M
 Large Page Support: Disabled
 NUMA Support: Disabled
 Compressed Oops: Enabled (32-bit)
 Heap Region Size: 1M
 Heap Min Capacity: 8M
 Heap Initial Capacity: 122M
 Heap Max Capacity: 1950M
 Pre-touch: Disabled
 Parallel Workers: 8
 Concurrent Workers: 2
 Concurrent Refinement Workers: 8
 Periodic GC: Disabled
Heap:
 garbage-first heap   total 61440K, used 40565K [0x0000000086200000, 0x0000000100000000)
  region size 1024K, 18 young (18432K), 3 survivors (3072K)
 Metaspace       used 41175K, committed 41792K, reserved 1089536K
  class space    used 5318K, committed 5632K, reserved 1048576K
GC Heap History (20 events):
Event: 16.270 GC heap before
{Heap before GC invocations=12 (full 0):
 garbage-first heap   total 45056K, used 33412K [0x0000000086200000, 0x0000000100000000)
  region size 1024K, 16 young (16384K), 2 survivors (2048K)
 Metaspace       used 38563K, committed 39168K, reserved 1089536K
  class space    used 5141K, committed 5440K, reserved 1048576K
}
Event: 16.275 GC heap after
{Heap after GC invocations=13 (full 0):
 garbage-first heap   total 45056K, used 22507K [0x0000000086200000, 0x0000000100000000)
  region size 1024K, 2 young (2048K), 2 survivors (2048K)
 Metaspace       used 38563K, committed 39168K, reserved 1089536K
  class space    used 5141K, committed 5440K, reserved 1048576K
}
Event: 65.045 GC heap before
{Heap before GC invocations=13 (full 0):
 garbage-first heap   total 45056K, used 33771K [0x0000000086200000, 0x0000000100000000)
  region size 1024K, 14 young (14336K), 2 survivors (2048K)
 Metaspace       used 40031K, committed 40640K, reserved 1089536K
  class space    used 5276K, committed 5568K, reserved 1048576K
}
Event: 65.050 GC heap after
{Heap after GC invocations=14 (full 0):
 garbage-first heap   total 61440K, used 23331K [0x0000000086200000, 0x0000000100000000)
  region size 1024K, 1 young (1024K), 1 survivors (1024K)
 Metaspace       used 40031K, committed 40640K, reserved 1089536K
  class space    used 5276K, committed 5568K, reserved 1048576K
}
Event: 68.640 GC heap before
{Heap before GC invocations=15 (full 0):
 garbage-first heap   total 61440K, used 24355K [0x0000000086200000, 0x0000000100000000)
  region size 1024K, 3 young (3072K), 1 survivors (1024K)
 Metaspace       used 40201K, committed 40768K, reserved 1089536K
  class space    used 5304K, committed 5568K, reserved 1048576K
}
Event: 68.684 GC heap after
{Heap after GC invocations=16 (full 1):
 garbage-first heap   total 61440K, used 19910K [0x0000000086200000, 0x0000000100000000)
  region size 1024K, 0 young (0K), 0 survivors (0K)
 Metaspace       used 40194K, committed 40768K, reserved 1089536K
  class space    used 5302K, committed 5568K, reserved 1048576K
}
Event: 69.681 GC heap before
{Heap before GC invocations=16 (full 1):
 garbage-first heap   total 61440K, used 45510K [0x0000000086200000, 0x0000000100000000)
  region size 1024K, 26 young (26624K), 0 survivors (0K)
 Metaspace       used 40427K, committed 41024K, reserved 1089536K
  class space    used 5305K, committed 5568K, reserved 1048576K
}
Event: 69.683 GC heap after
{Heap after GC invocations=17 (full 1):
 garbage-first heap   total 61440K, used 22169K [0x0000000086200000, 0x0000000100000000)
  region size 1024K, 3 young (3072K), 3 survivors (3072K)
 Metaspace       used 40427K, committed 41024K, reserved 1089536K
  class space    used 5305K, committed 5568K, reserved 1048576K
}
Event: 71.599 GC heap before
{Heap before GC invocations=17 (full 1):
 garbage-first heap   total 61440K, used 45721K [0x0000000086200000, 0x0000000100000000)
  region size 1024K, 26 young (26624K), 3 survivors (3072K)
 Metaspace       used 40772K, committed 41344K, reserved 1089536K
  class space    used 5308K, committed 5568K, reserved 1048576K
}
Event: 71.602 GC heap after
{Heap after GC invocations=18 (full 1):
 garbage-first heap   total 61440K, used 23947K [0x0000000086200000, 0x0000000100000000)
  region size 1024K, 2 young (2048K), 2 survivors (2048K)
 Metaspace       used 40772K, committed 41344K, reserved 1089536K
  class space    used 5308K, committed 5568K, reserved 1048576K
}
Event: 73.037 GC heap before
{Heap before GC invocations=18 (full 1):
 garbage-first heap   total 61440K, used 29067K [0x0000000086200000, 0x0000000100000000)
  region size 1024K, 8 young (8192K), 2 survivors (2048K)
 Metaspace       used 40822K, committed 41408K, reserved 1089536K
  class space    used 5311K, committed 5568K, reserved 1048576K
}
Event: 73.072 GC heap after
{Heap after GC invocations=19 (full 2):
 garbage-first heap   total 61440K, used 22014K [0x0000000086200000, 0x0000000100000000)
  region size 1024K, 0 young (0K), 0 survivors (0K)
 Metaspace       used 40822K, committed 41408K, reserved 1089536K
  class space    used 5311K, committed 5568K, reserved 1048576K
}
Event: 73.409 GC heap before
{Heap before GC invocations=19 (full 2):
 garbage-first heap   total 61440K, used 44542K [0x0000000086200000, 0x0000000100000000)
  region size 1024K, 23 young (23552K), 0 survivors (0K)
 Metaspace       used 40900K, committed 41472K, reserved 1089536K
  class space    used 5312K, committed 5568K, reserved 1048576K
}
Event: 73.412 GC heap after
{Heap after GC invocations=20 (full 2):
 garbage-first heap   total 61440K, used 24124K [0x0000000086200000, 0x0000000100000000)
  region size 1024K, 3 young (3072K), 3 survivors (3072K)
 Metaspace       used 40900K, committed 41472K, reserved 1089536K
  class space    used 5312K, committed 5568K, reserved 1048576K
}
Event: 73.797 GC heap before
{Heap before GC invocations=20 (full 2):
 garbage-first heap   total 61440K, used 45628K [0x0000000086200000, 0x0000000100000000)
  region size 1024K, 24 young (24576K), 3 survivors (3072K)
 Metaspace       used 40999K, committed 41600K, reserved 1089536K
  class space    used 5315K, committed 5568K, reserved 1048576K
}
Event: 73.800 GC heap after
{Heap after GC invocations=21 (full 2):
 garbage-first heap   total 61440K, used 25833K [0x0000000086200000, 0x0000000100000000)
  region size 1024K, 2 young (2048K), 2 survivors (2048K)
 Metaspace       used 40999K, committed 41600K, reserved 1089536K
  class space    used 5315K, committed 5568K, reserved 1048576K
}
Event: 92.534 GC heap before
{Heap before GC invocations=21 (full 2):
 garbage-first heap   total 61440K, used 35049K [0x0000000086200000, 0x0000000100000000)
  region size 1024K, 13 young (13312K), 2 survivors (2048K)
 Metaspace       used 41063K, committed 41600K, reserved 1089536K
  class space    used 5315K, committed 5568K, reserved 1048576K
}
Event: 92.570 GC heap after
{Heap after GC invocations=22 (full 3):
 garbage-first heap   total 61440K, used 24119K [0x0000000086200000, 0x0000000100000000)
  region size 1024K, 0 young (0K), 0 survivors (0K)
 Metaspace       used 41063K, committed 41600K, reserved 1089536K
  class space    used 5315K, committed 5568K, reserved 1048576K
}
Event: 93.373 GC heap before
{Heap before GC invocations=22 (full 3):
 garbage-first heap   total 61440K, used 47671K [0x0000000086200000, 0x0000000100000000)
  region size 1024K, 23 young (23552K), 0 survivors (0K)
 Metaspace       used 41114K, committed 41728K, reserved 1089536K
  class space    used 5316K, committed 5568K, reserved 1048576K
}
Event: 93.376 GC heap after
{Heap after GC invocations=23 (full 3):
 garbage-first heap   total 61440K, used 26229K [0x0000000086200000, 0x0000000100000000)
  region size 1024K, 3 young (3072K), 3 survivors (3072K)
 Metaspace       used 41114K, committed 41728K, reserved 1089536K
  class space    used 5316K, committed 5568K, reserved 1048576K
}

