# JRE version: OpenJDK Runtime Environment Temurin-17.0.9+9 (17.0.9+9) (build 17.0.9+9)
# Java VM: OpenJDK 64-Bit Server VM Temurin-17.0.9+9 (17.0.9+9, mixed mode, tiered, compressed oops, compressed class ptrs, parallel gc, windows-amd64)
GC Precious Log:
 CPUs: 8 total, 8 available
 Memory: 7792M
 Large Page Support: Disabled
 NUMA Support: Disabled
 Compressed Oops: Enabled (32-bit)
 Alignments: Space 512K, Generation 512K, Heap 2M
 Heap Min Capacity: 100M
 Heap Initial Capacity: 100M
 Heap Max Capacity: 2G
 Pre-touch: Disabled
 Parallel Workers: 8
Heap:
 PSYoungGen      total 17920K, used 9672K [0x00000000d5580000, 0x00000000d6a00000, 0x0000000100000000)
  eden space 16896K, 57% used [0x00000000d5580000,0x00000000d5ef2140,0x00000000d6600000)
  from space 1024K, 0% used [0x00000000d6900000,0x00000000d6900000,0x00000000d6a00000)
  to   space 1536K, 0% used [0x00000000d6700000,0x00000000d6700000,0x00000000d6880000)
 ParOldGen       total 68608K, used 39042K [0x0000000080000000, 0x0000000084300000, 0x00000000d5580000)
  object space 68608K, 56% used [0x0000000080000000,0x0000000082620ae8,0x0000000084300000)
 Metaspace       used 59171K, committed 60288K, reserved 1114112K
  class space    used 6389K, committed 6848K, reserved 1048576K
GC Heap History (20 events):
Event: 9.547 GC heap before
{Heap before GC invocations=24 (full 2):
 PSYoungGen      total 18944K, used 18624K [0x00000000d5580000, 0x00000000d6c00000, 0x0000000100000000)
  eden space 16896K, 100% used [0x00000000d5580000,0x00000000d6600000,0x00000000d6600000)
  from space 2048K, 84% used [0x00000000d6600000,0x00000000d67b0000,0x00000000d6800000)
  to   space 3072K, 0% used [0x00000000d6900000,0x00000000d6900000,0x00000000d6c00000)
 ParOldGen       total 68608K, used 29432K [0x0000000080000000, 0x0000000084300000, 0x00000000d5580000)
  object space 68608K, 42% used [0x0000000080000000,0x0000000081cbe0d0,0x0000000084300000)
 Metaspace       used 52474K, committed 53632K, reserved 1114112K
  class space    used 5701K, committed 6208K, reserved 1048576K
}
Event: 9.550 GC heap after
{Heap after GC invocations=24 (full 2):
 PSYoungGen      total 18944K, used 1984K [0x00000000d5580000, 0x00000000d6b00000, 0x0000000100000000)
  eden space 16896K, 0% used [0x00000000d5580000,0x00000000d5580000,0x00000000d6600000)
  from space 2048K, 96% used [0x00000000d6900000,0x00000000d6af0010,0x00000000d6b00000)
  to   space 2560K, 0% used [0x00000000d6600000,0x00000000d6600000,0x00000000d6880000)
 ParOldGen       total 68608K, used 31104K [0x0000000080000000, 0x0000000084300000, 0x00000000d5580000)
  object space 68608K, 45% used [0x0000000080000000,0x0000000081e600d0,0x0000000084300000)
 Metaspace       used 52474K, committed 53632K, reserved 1114112K
  class space    used 5701K, committed 6208K, reserved 1048576K
}
Event: 9.724 GC heap before
{Heap before GC invocations=25 (full 2):
 PSYoungGen      total 18944K, used 18880K [0x00000000d5580000, 0x00000000d6b00000, 0x0000000100000000)
  eden space 16896K, 100% used [0x00000000d5580000,0x00000000d6600000,0x00000000d6600000)
  from space 2048K, 96% used [0x00000000d6900000,0x00000000d6af0010,0x00000000d6b00000)
  to   space 2560K, 0% used [0x00000000d6600000,0x00000000d6600000,0x00000000d6880000)
 ParOldGen       total 68608K, used 31104K [0x0000000080000000, 0x0000000084300000, 0x00000000d5580000)
  object space 68608K, 45% used [0x0000000080000000,0x0000000081e600d0,0x0000000084300000)
 Metaspace       used 52790K, committed 53952K, reserved 1114112K
  class space    used 5726K, committed 6208K, reserved 1048576K
}
Event: 9.727 GC heap after
{Heap after GC invocations=25 (full 2):
 PSYoungGen      total 19456K, used 2560K [0x00000000d5580000, 0x00000000d7000000, 0x0000000100000000)
  eden space 16896K, 0% used [0x00000000d5580000,0x00000000d5580000,0x00000000d6600000)
  from space 2560K, 100% used [0x00000000d6600000,0x00000000d6880000,0x00000000d6880000)
  to   space 5120K, 0% used [0x00000000d6b00000,0x00000000d6b00000,0x00000000d7000000)
 ParOldGen       total 68608K, used 33016K [0x0000000080000000, 0x0000000084300000, 0x00000000d5580000)
  object space 68608K, 48% used [0x0000000080000000,0x000000008203e0e0,0x0000000084300000)
 Metaspace       used 52790K, committed 53952K, reserved 1114112K
  class space    used 5726K, committed 6208K, reserved 1048576K
}
Event: 10.399 GC heap before
{Heap before GC invocations=26 (full 2):
 PSYoungGen      total 19456K, used 19456K [0x00000000d5580000, 0x00000000d7000000, 0x0000000100000000)
  eden space 16896K, 100% used [0x00000000d5580000,0x00000000d6600000,0x00000000d6600000)
  from space 2560K, 100% used [0x00000000d6600000,0x00000000d6880000,0x00000000d6880000)
  to   space 5120K, 0% used [0x00000000d6b00000,0x00000000d6b00000,0x00000000d7000000)
 ParOldGen       total 68608K, used 33016K [0x0000000080000000, 0x0000000084300000, 0x00000000d5580000)
  object space 68608K, 48% used [0x0000000080000000,0x000000008203e0f8,0x0000000084300000)
 Metaspace       used 54299K, committed 55424K, reserved 1114112K
  class space    used 5872K, committed 6336K, reserved 1048576K
}
Event: 10.404 GC heap after
{Heap after GC invocations=26 (full 2):
 PSYoungGen      total 18432K, used 1472K [0x00000000d5580000, 0x00000000d6c80000, 0x0000000100000000)
  eden space 16896K, 0% used [0x00000000d5580000,0x00000000d5580000,0x00000000d6600000)
  from space 1536K, 95% used [0x00000000d6b00000,0x00000000d6c70000,0x00000000d6c80000)
  to   space 2560K, 0% used [0x00000000d6780000,0x00000000d6780000,0x00000000d6a00000)
 ParOldGen       total 68608K, used 35536K [0x0000000080000000, 0x0000000084300000, 0x00000000d5580000)
  object space 68608K, 51% used [0x0000000080000000,0x00000000822b40f8,0x0000000084300000)
 Metaspace       used 54299K, committed 55424K, reserved 1114112K
  class space    used 5872K, committed 6336K, reserved 1048576K
}
Event: 10.719 GC heap before
{Heap before GC invocations=27 (full 2):
 PSYoungGen      total 18432K, used 18368K [0x00000000d5580000, 0x00000000d6c80000, 0x0000000100000000)
  eden space 16896K, 100% used [0x00000000d5580000,0x00000000d6600000,0x00000000d6600000)
  from space 1536K, 95% used [0x00000000d6b00000,0x00000000d6c70000,0x00000000d6c80000)
  to   space 2560K, 0% used [0x00000000d6780000,0x00000000d6780000,0x00000000d6a00000)
 ParOldGen       total 68608K, used 35570K [0x0000000080000000, 0x0000000084300000, 0x00000000d5580000)
  object space 68608K, 51% used [0x0000000080000000,0x00000000822bcb58,0x0000000084300000)
 Metaspace       used 55570K, committed 56704K, reserved 1114112K
  class space    used 6012K, committed 6464K, reserved 1048576K
}
Event: 10.723 GC heap after
{Heap after GC invocations=27 (full 2):
 PSYoungGen      total 18944K, used 1575K [0x00000000d5580000, 0x00000000d6b80000, 0x0000000100000000)
  eden space 16896K, 0% used [0x00000000d5580000,0x00000000d5580000,0x00000000d6600000)
  from space 2048K, 76% used [0x00000000d6780000,0x00000000d6909d28,0x00000000d6980000)
  to   space 2048K, 0% used [0x00000000d6980000,0x00000000d6980000,0x00000000d6b80000)
 ParOldGen       total 68608K, used 36933K [0x0000000080000000, 0x0000000084300000, 0x00000000d5580000)
  object space 68608K, 53% used [0x0000000080000000,0x0000000082411718,0x0000000084300000)
 Metaspace       used 55570K, committed 56704K, reserved 1114112K
  class space    used 6012K, committed 6464K, reserved 1048576K
}
Event: 11.043 GC heap before
{Heap before GC invocations=28 (full 2):
 PSYoungGen      total 18944K, used 18471K [0x00000000d5580000, 0x00000000d6b80000, 0x0000000100000000)
  eden space 16896K, 100% used [0x00000000d5580000,0x00000000d6600000,0x00000000d6600000)
  from space 2048K, 76% used [0x00000000d6780000,0x00000000d6909d28,0x00000000d6980000)
  to   space 2048K, 0% used [0x00000000d6980000,0x00000000d6980000,0x00000000d6b80000)
 ParOldGen       total 68608K, used 36933K [0x0000000080000000, 0x0000000084300000, 0x00000000d5580000)
  object space 68608K, 53% used [0x0000000080000000,0x0000000082411718,0x0000000084300000)
 Metaspace       used 56140K, committed 57344K, reserved 1114112K
  class space    used 6063K, committed 6528K, reserved 1048576K
}
Event: 11.046 GC heap after
{Heap after GC invocations=28 (full 2):
 PSYoungGen      total 18944K, used 1630K [0x00000000d5580000, 0x00000000d6b80000, 0x0000000100000000)
  eden space 16896K, 0% used [0x00000000d5580000,0x00000000d5580000,0x00000000d6600000)
  from space 2048K, 79% used [0x00000000d6980000,0x00000000d6b17880,0x00000000d6b80000)
  to   space 2048K, 0% used [0x00000000d6780000,0x00000000d6780000,0x00000000d6980000)
 ParOldGen       total 68608K, used 38389K [0x0000000080000000, 0x0000000084300000, 0x00000000d5580000)
  object space 68608K, 55% used [0x0000000080000000,0x000000008257d5e0,0x0000000084300000)
 Metaspace       used 56140K, committed 57344K, reserved 1114112K
  class space    used 6063K, committed 6528K, reserved 1048576K
}
Event: 11.323 GC heap before
{Heap before GC invocations=29 (full 2):
 PSYoungGen      total 18944K, used 18526K [0x00000000d5580000, 0x00000000d6b80000, 0x0000000100000000)
  eden space 16896K, 100% used [0x00000000d5580000,0x00000000d6600000,0x00000000d6600000)
  from space 2048K, 79% used [0x00000000d6980000,0x00000000d6b17880,0x00000000d6b80000)
  to   space 2048K, 0% used [0x00000000d6780000,0x00000000d6780000,0x00000000d6980000)
 ParOldGen       total 68608K, used 38389K [0x0000000080000000, 0x0000000084300000, 0x00000000d5580000)
  object space 68608K, 55% used [0x0000000080000000,0x000000008257d5e0,0x0000000084300000)
 Metaspace       used 57068K, committed 58240K, reserved 1114112K
  class space    used 6120K, committed 6592K, reserved 1048576K
}
Event: 11.326 GC heap after
{Heap after GC invocations=29 (full 2):
 PSYoungGen      total 18432K, used 1152K [0x00000000d5580000, 0x00000000d6a00000, 0x0000000100000000)
  eden space 16896K, 0% used [0x00000000d5580000,0x00000000d5580000,0x00000000d6600000)
  from space 1536K, 75% used [0x00000000d6780000,0x00000000d68a0000,0x00000000d6900000)
  to   space 1024K, 0% used [0x00000000d6900000,0x00000000d6900000,0x00000000d6a00000)
 ParOldGen       total 68608K, used 39704K [0x0000000080000000, 0x0000000084300000, 0x00000000d5580000)
  object space 68608K, 57% used [0x0000000080000000,0x00000000826c61f0,0x0000000084300000)
 Metaspace       used 57068K, committed 58240K, reserved 1114112K
  class space    used 6120K, committed 6592K, reserved 1048576K
}
Event: 11.543 GC heap before
{Heap before GC invocations=30 (full 2):
 PSYoungGen      total 18432K, used 18048K [0x00000000d5580000, 0x00000000d6a00000, 0x0000000100000000)
  eden space 16896K, 100% used [0x00000000d5580000,0x00000000d6600000,0x00000000d6600000)
  from space 1536K, 75% used [0x00000000d6780000,0x00000000d68a0000,0x00000000d6900000)
  to   space 1024K, 0% used [0x00000000d6900000,0x00000000d6900000,0x00000000d6a00000)
 ParOldGen       total 68608K, used 39704K [0x0000000080000000, 0x0000000084300000, 0x00000000d5580000)
  object space 68608K, 57% used [0x0000000080000000,0x00000000826c61f0,0x0000000084300000)
 Metaspace       used 57648K, committed 58816K, reserved 1114112K
  class space    used 6228K, committed 6720K, reserved 1048576K
}
Event: 11.545 GC heap after
{Heap after GC invocations=30 (full 2):
 PSYoungGen      total 17920K, used 736K [0x00000000d5580000, 0x00000000d6a00000, 0x0000000100000000)
  eden space 16896K, 0% used [0x00000000d5580000,0x00000000d5580000,0x00000000d6600000)
  from space 1024K, 71% used [0x00000000d6900000,0x00000000d69b8000,0x00000000d6a00000)
  to   space 1024K, 0% used [0x00000000d6800000,0x00000000d6800000,0x00000000d6900000)
 ParOldGen       total 68608K, used 40654K [0x0000000080000000, 0x0000000084300000, 0x00000000d5580000)
  object space 68608K, 59% used [0x0000000080000000,0x00000000827b3868,0x0000000084300000)
 Metaspace       used 57648K, committed 58816K, reserved 1114112K
  class space    used 6228K, committed 6720K, reserved 1048576K
}
Event: 12.008 GC heap before
{Heap before GC invocations=31 (full 2):
 PSYoungGen      total 17920K, used 17632K [0x00000000d5580000, 0x00000000d6a00000, 0x0000000100000000)
  eden space 16896K, 100% used [0x00000000d5580000,0x00000000d6600000,0x00000000d6600000)
  from space 1024K, 71% used [0x00000000d6900000,0x00000000d69b8000,0x00000000d6a00000)
  to   space 1024K, 0% used [0x00000000d6800000,0x00000000d6800000,0x00000000d6900000)
 ParOldGen       total 68608K, used 40654K [0x0000000080000000, 0x0000000084300000, 0x00000000d5580000)
  object space 68608K, 59% used [0x0000000080000000,0x00000000827b3868,0x0000000084300000)
 Metaspace       used 58402K, committed 59584K, reserved 1114112K
  class space    used 6307K, committed 6784K, reserved 1048576K
}
Event: 12.010 GC heap after
{Heap after GC invocations=31 (full 2):
 PSYoungGen      total 17920K, used 999K [0x00000000d5580000, 0x00000000d6a00000, 0x0000000100000000)
  eden space 16896K, 0% used [0x00000000d5580000,0x00000000d5580000,0x00000000d6600000)
  from space 1024K, 97% used [0x00000000d6800000,0x00000000d68f9f30,0x00000000d6900000)
  to   space 1024K, 0% used [0x00000000d6900000,0x00000000d6900000,0x00000000d6a00000)
 ParOldGen       total 68608K, used 41471K [0x0000000080000000, 0x0000000084300000, 0x00000000d5580000)
  object space 68608K, 60% used [0x0000000080000000,0x000000008287fef0,0x0000000084300000)
 Metaspace       used 58402K, committed 59584K, reserved 1114112K
  class space    used 6307K, committed 6784K, reserved 1048576K
}
Event: 12.125 GC heap before
{Heap before GC invocations=32 (full 2):
 PSYoungGen      total 17920K, used 11118K [0x00000000d5580000, 0x00000000d6a00000, 0x0000000100000000)
  eden space 16896K, 59% used [0x00000000d5580000,0x00000000d5f61ba0,0x00000000d6600000)
  from space 1024K, 97% used [0x00000000d6800000,0x00000000d68f9f30,0x00000000d6900000)
  to   space 1024K, 0% used [0x00000000d6900000,0x00000000d6900000,0x00000000d6a00000)
 ParOldGen       total 68608K, used 41471K [0x0000000080000000, 0x0000000084300000, 0x00000000d5580000)
  object space 68608K, 60% used [0x0000000080000000,0x000000008287fef0,0x0000000084300000)
 Metaspace       used 58680K, committed 59776K, reserved 1114112K
  class space    used 6337K, committed 6784K, reserved 1048576K
}
Event: 12.127 GC heap after
{Heap after GC invocations=32 (full 2):
 PSYoungGen      total 17920K, used 672K [0x00000000d5580000, 0x00000000d6a00000, 0x0000000100000000)
  eden space 16896K, 0% used [0x00000000d5580000,0x00000000d5580000,0x00000000d6600000)
  from space 1024K, 65% used [0x00000000d6900000,0x00000000d69a8010,0x00000000d6a00000)
  to   space 1536K, 0% used [0x00000000d6700000,0x00000000d6700000,0x00000000d6880000)
 ParOldGen       total 68608K, used 42183K [0x0000000080000000, 0x0000000084300000, 0x00000000d5580000)
  object space 68608K, 61% used [0x0000000080000000,0x0000000082931ef0,0x0000000084300000)
 Metaspace       used 58680K, committed 59776K, reserved 1114112K
  class space    used 6337K, committed 6784K, reserved 1048576K
}
Event: 12.127 GC heap before
{Heap before GC invocations=33 (full 3):
 PSYoungGen      total 17920K, used 672K [0x00000000d5580000, 0x00000000d6a00000, 0x0000000100000000)
  eden space 16896K, 0% used [0x00000000d5580000,0x00000000d5580000,0x00000000d6600000)
  from space 1024K, 65% used [0x00000000d6900000,0x00000000d69a8010,0x00000000d6a00000)
  to   space 1536K, 0% used [0x00000000d6700000,0x00000000d6700000,0x00000000d6880000)
 ParOldGen       total 68608K, used 42183K [0x0000000080000000, 0x0000000084300000, 0x00000000d5580000)
  object space 68608K, 61% used [0x0000000080000000,0x0000000082931ef0,0x0000000084300000)
 Metaspace       used 58680K, committed 59776K, reserved 1114112K
  class space    used 6337K, committed 6784K, reserved 1048576K
}
Event: 12.213 GC heap after
{Heap after GC invocations=33 (full 3):
 PSYoungGen      total 17920K, used 0K [0x00000000d5580000, 0x00000000d6a00000, 0x0000000100000000)
  eden space 16896K, 0% used [0x00000000d5580000,0x00000000d5580000,0x00000000d6600000)
  from space 1024K, 0% used [0x00000000d6900000,0x00000000d6900000,0x00000000d6a00000)
  to   space 1536K, 0% used [0x00000000d6700000,0x00000000d6700000,0x00000000d6880000)
 ParOldGen       total 68608K, used 39042K [0x0000000080000000, 0x0000000084300000, 0x00000000d5580000)
  object space 68608K, 56% used [0x0000000080000000,0x0000000082620ae8,0x0000000084300000)
 Metaspace       used 58675K, committed 59776K, reserved 1114112K
  class space    used 6335K, committed 6784K, reserved 1048576K
}

