# JRE version: OpenJDK Runtime Environment Temurin-17.0.9+9 (17.0.9+9) (build 17.0.9+9)
# Java VM: OpenJDK 64-Bit Server VM Temurin-17.0.9+9 (17.0.9+9, mixed mode, tiered, compressed oops, compressed class ptrs, parallel gc, windows-amd64)
GC Precious Log:
 CPUs: 8 total, 8 available
 Memory: 7792M
 Large Page Support: Disabled
 NUMA Support: Disabled
 Compressed Oops: Enabled (32-bit)
 Alignments: Space 512K, Generation 512K, Heap 2M
 Heap Min Capacity: 100M
 Heap Initial Capacity: 100M
 Heap Max Capacity: 2G
 Pre-touch: Disabled
 Parallel Workers: 8
Heap:
 PSYoungGen      total 2560K, used 802K [0x00000000d5580000, 0x00000000d5900000, 0x0000000100000000)
  eden space 1536K, 1% used [0x00000000d5580000,0x00000000d5584ea8,0x00000000d5700000)
  from space 1024K, 76% used [0x00000000d5800000,0x00000000d58c3b00,0x00000000d5900000)
  to   space 1024K, 0% used [0x00000000d5700000,0x00000000d5700000,0x00000000d5800000)
 ParOldGen       total 133632K, used 107242K [0x0000000080000000, 0x0000000088280000, 0x00000000d5580000)
  object space 133632K, 80% used [0x0000000080000000,0x00000000868ba858,0x0000000088280000)
 Metaspace       used 75991K, committed 77440K, reserved 1179648K
  class space    used 7919K, committed 8576K, reserved 1048576K
GC Heap History (20 events):
Event: 19.917 GC heap before
{Heap before GC invocations=108 (full 6):
 PSYoungGen      total 3072K, used 3059K [0x00000000d5580000, 0x00000000d5b00000, 0x0000000100000000)
  eden space 2048K, 100% used [0x00000000d5580000,0x00000000d5780000,0x00000000d5780000)
  from space 1024K, 98% used [0x00000000d5900000,0x00000000d59fcc00,0x00000000d5a00000)
  to   space 1536K, 0% used [0x00000000d5780000,0x00000000d5780000,0x00000000d5900000)
 ParOldGen       total 133632K, used 105899K [0x0000000080000000, 0x0000000088280000, 0x00000000d5580000)
  object space 133632K, 79% used [0x0000000080000000,0x000000008676ad38,0x0000000088280000)
 Metaspace       used 75690K, committed 77056K, reserved 1179648K
  class space    used 7893K, committed 8512K, reserved 1048576K
}
Event: 19.920 GC heap after
{Heap after GC invocations=108 (full 6):
 PSYoungGen      total 3072K, used 672K [0x00000000d5580000, 0x00000000d5980000, 0x0000000100000000)
  eden space 2048K, 0% used [0x00000000d5580000,0x00000000d5580000,0x00000000d5780000)
  from space 1024K, 65% used [0x00000000d5780000,0x00000000d5828000,0x00000000d5880000)
  to   space 1024K, 0% used [0x00000000d5880000,0x00000000d5880000,0x00000000d5980000)
 ParOldGen       total 133632K, used 106366K [0x0000000080000000, 0x0000000088280000, 0x00000000d5580000)
  object space 133632K, 79% used [0x0000000080000000,0x00000000867df938,0x0000000088280000)
 Metaspace       used 75690K, committed 77056K, reserved 1179648K
  class space    used 7893K, committed 8512K, reserved 1048576K
}
Event: 20.005 GC heap before
{Heap before GC invocations=109 (full 6):
 PSYoungGen      total 3072K, used 2719K [0x00000000d5580000, 0x00000000d5980000, 0x0000000100000000)
  eden space 2048K, 99% used [0x00000000d5580000,0x00000000d577fff8,0x00000000d5780000)
  from space 1024K, 65% used [0x00000000d5780000,0x00000000d5828000,0x00000000d5880000)
  to   space 1024K, 0% used [0x00000000d5880000,0x00000000d5880000,0x00000000d5980000)
 ParOldGen       total 133632K, used 106366K [0x0000000080000000, 0x0000000088280000, 0x00000000d5580000)
  object space 133632K, 79% used [0x0000000080000000,0x00000000867df938,0x0000000088280000)
 Metaspace       used 75697K, committed 77056K, reserved 1179648K
  class space    used 7893K, committed 8512K, reserved 1048576K
}
Event: 20.008 GC heap after
{Heap after GC invocations=109 (full 6):
 PSYoungGen      total 3072K, used 928K [0x00000000d5580000, 0x00000000d5980000, 0x0000000100000000)
  eden space 2048K, 0% used [0x00000000d5580000,0x00000000d5580000,0x00000000d5780000)
  from space 1024K, 90% used [0x00000000d5880000,0x00000000d5968000,0x00000000d5980000)
  to   space 1024K, 0% used [0x00000000d5780000,0x00000000d5780000,0x00000000d5880000)
 ParOldGen       total 133632K, used 106366K [0x0000000080000000, 0x0000000088280000, 0x00000000d5580000)
  object space 133632K, 79% used [0x0000000080000000,0x00000000867df938,0x0000000088280000)
 Metaspace       used 75697K, committed 77056K, reserved 1179648K
  class space    used 7893K, committed 8512K, reserved 1048576K
}
Event: 20.071 GC heap before
{Heap before GC invocations=110 (full 6):
 PSYoungGen      total 3072K, used 2975K [0x00000000d5580000, 0x00000000d5980000, 0x0000000100000000)
  eden space 2048K, 99% used [0x00000000d5580000,0x00000000d577ffb0,0x00000000d5780000)
  from space 1024K, 90% used [0x00000000d5880000,0x00000000d5968000,0x00000000d5980000)
  to   space 1024K, 0% used [0x00000000d5780000,0x00000000d5780000,0x00000000d5880000)
 ParOldGen       total 133632K, used 106366K [0x0000000080000000, 0x0000000088280000, 0x00000000d5580000)
  object space 133632K, 79% used [0x0000000080000000,0x00000000867df938,0x0000000088280000)
 Metaspace       used 75720K, committed 77120K, reserved 1179648K
  class space    used 7893K, committed 8512K, reserved 1048576K
}
Event: 20.073 GC heap after
{Heap after GC invocations=110 (full 6):
 PSYoungGen      total 3072K, used 800K [0x00000000d5580000, 0x00000000d5980000, 0x0000000100000000)
  eden space 2048K, 0% used [0x00000000d5580000,0x00000000d5580000,0x00000000d5780000)
  from space 1024K, 78% used [0x00000000d5780000,0x00000000d5848000,0x00000000d5880000)
  to   space 1024K, 0% used [0x00000000d5880000,0x00000000d5880000,0x00000000d5980000)
 ParOldGen       total 133632K, used 106374K [0x0000000080000000, 0x0000000088280000, 0x00000000d5580000)
  object space 133632K, 79% used [0x0000000080000000,0x00000000867e1938,0x0000000088280000)
 Metaspace       used 75720K, committed 77120K, reserved 1179648K
  class space    used 7893K, committed 8512K, reserved 1048576K
}
Event: 20.144 GC heap before
{Heap before GC invocations=111 (full 6):
 PSYoungGen      total 3072K, used 2847K [0x00000000d5580000, 0x00000000d5980000, 0x0000000100000000)
  eden space 2048K, 99% used [0x00000000d5580000,0x00000000d577ffc0,0x00000000d5780000)
  from space 1024K, 78% used [0x00000000d5780000,0x00000000d5848000,0x00000000d5880000)
  to   space 1024K, 0% used [0x00000000d5880000,0x00000000d5880000,0x00000000d5980000)
 ParOldGen       total 133632K, used 106374K [0x0000000080000000, 0x0000000088280000, 0x00000000d5580000)
  object space 133632K, 79% used [0x0000000080000000,0x00000000867e1938,0x0000000088280000)
 Metaspace       used 75729K, committed 77120K, reserved 1179648K
  class space    used 7893K, committed 8512K, reserved 1048576K
}
Event: 20.146 GC heap after
{Heap after GC invocations=111 (full 6):
 PSYoungGen      total 2560K, used 1024K [0x00000000d5580000, 0x00000000d5a80000, 0x0000000100000000)
  eden space 1536K, 0% used [0x00000000d5580000,0x00000000d5580000,0x00000000d5700000)
  from space 1024K, 100% used [0x00000000d5880000,0x00000000d5980000,0x00000000d5980000)
  to   space 1536K, 0% used [0x00000000d5700000,0x00000000d5700000,0x00000000d5880000)
 ParOldGen       total 133632K, used 106534K [0x0000000080000000, 0x0000000088280000, 0x00000000d5580000)
  object space 133632K, 79% used [0x0000000080000000,0x0000000086809948,0x0000000088280000)
 Metaspace       used 75729K, committed 77120K, reserved 1179648K
  class space    used 7893K, committed 8512K, reserved 1048576K
}
Event: 20.158 GC heap before
{Heap before GC invocations=112 (full 6):
 PSYoungGen      total 2560K, used 2560K [0x00000000d5580000, 0x00000000d5a80000, 0x0000000100000000)
  eden space 1536K, 100% used [0x00000000d5580000,0x00000000d5700000,0x00000000d5700000)
  from space 1024K, 100% used [0x00000000d5880000,0x00000000d5980000,0x00000000d5980000)
  to   space 1536K, 0% used [0x00000000d5700000,0x00000000d5700000,0x00000000d5880000)
 ParOldGen       total 133632K, used 106534K [0x0000000080000000, 0x0000000088280000, 0x00000000d5580000)
  object space 133632K, 79% used [0x0000000080000000,0x0000000086809948,0x0000000088280000)
 Metaspace       used 75734K, committed 77120K, reserved 1179648K
  class space    used 7894K, committed 8512K, reserved 1048576K
}
Event: 20.161 GC heap after
{Heap after GC invocations=112 (full 6):
 PSYoungGen      total 3072K, used 1024K [0x00000000d5580000, 0x00000000d5a00000, 0x0000000100000000)
  eden space 1536K, 0% used [0x00000000d5580000,0x00000000d5580000,0x00000000d5700000)
  from space 1536K, 66% used [0x00000000d5700000,0x00000000d5800000,0x00000000d5880000)
  to   space 1536K, 0% used [0x00000000d5880000,0x00000000d5880000,0x00000000d5a00000)
 ParOldGen       total 133632K, used 107050K [0x0000000080000000, 0x0000000088280000, 0x00000000d5580000)
  object space 133632K, 80% used [0x0000000080000000,0x000000008688a858,0x0000000088280000)
 Metaspace       used 75734K, committed 77120K, reserved 1179648K
  class space    used 7894K, committed 8512K, reserved 1048576K
}
Event: 20.172 GC heap before
{Heap before GC invocations=113 (full 6):
 PSYoungGen      total 3072K, used 2556K [0x00000000d5580000, 0x00000000d5a00000, 0x0000000100000000)
  eden space 1536K, 99% used [0x00000000d5580000,0x00000000d56ff0b0,0x00000000d5700000)
  from space 1536K, 66% used [0x00000000d5700000,0x00000000d5800000,0x00000000d5880000)
  to   space 1536K, 0% used [0x00000000d5880000,0x00000000d5880000,0x00000000d5a00000)
 ParOldGen       total 133632K, used 107050K [0x0000000080000000, 0x0000000088280000, 0x00000000d5580000)
  object space 133632K, 80% used [0x0000000080000000,0x000000008688a858,0x0000000088280000)
 Metaspace       used 75734K, committed 77120K, reserved 1179648K
  class space    used 7894K, committed 8512K, reserved 1048576K
}
Event: 20.174 GC heap after
{Heap after GC invocations=113 (full 6):
 PSYoungGen      total 2560K, used 896K [0x00000000d5580000, 0x00000000d5980000, 0x0000000100000000)
  eden space 1536K, 0% used [0x00000000d5580000,0x00000000d5580000,0x00000000d5700000)
  from space 1024K, 87% used [0x00000000d5880000,0x00000000d5960000,0x00000000d5980000)
  to   space 1024K, 0% used [0x00000000d5780000,0x00000000d5780000,0x00000000d5880000)
 ParOldGen       total 133632K, used 107050K [0x0000000080000000, 0x0000000088280000, 0x00000000d5580000)
  object space 133632K, 80% used [0x0000000080000000,0x000000008688a858,0x0000000088280000)
 Metaspace       used 75734K, committed 77120K, reserved 1179648K
  class space    used 7894K, committed 8512K, reserved 1048576K
}
Event: 20.269 GC heap before
{Heap before GC invocations=114 (full 6):
 PSYoungGen      total 2560K, used 2432K [0x00000000d5580000, 0x00000000d5980000, 0x0000000100000000)
  eden space 1536K, 100% used [0x00000000d5580000,0x00000000d5700000,0x00000000d5700000)
  from space 1024K, 87% used [0x00000000d5880000,0x00000000d5960000,0x00000000d5980000)
  to   space 1024K, 0% used [0x00000000d5780000,0x00000000d5780000,0x00000000d5880000)
 ParOldGen       total 133632K, used 107050K [0x0000000080000000, 0x0000000088280000, 0x00000000d5580000)
  object space 133632K, 80% used [0x0000000080000000,0x000000008688a858,0x0000000088280000)
 Metaspace       used 75791K, committed 77184K, reserved 1179648K
  class space    used 7897K, committed 8512K, reserved 1048576K
}
Event: 20.271 GC heap after
{Heap after GC invocations=114 (full 6):
 PSYoungGen      total 2560K, used 608K [0x00000000d5580000, 0x00000000d5900000, 0x0000000100000000)
  eden space 1536K, 0% used [0x00000000d5580000,0x00000000d5580000,0x00000000d5700000)
  from space 1024K, 59% used [0x00000000d5780000,0x00000000d5818000,0x00000000d5880000)
  to   space 512K, 0% used [0x00000000d5880000,0x00000000d5880000,0x00000000d5900000)
 ParOldGen       total 133632K, used 107050K [0x0000000080000000, 0x0000000088280000, 0x00000000d5580000)
  object space 133632K, 80% used [0x0000000080000000,0x000000008688a858,0x0000000088280000)
 Metaspace       used 75791K, committed 77184K, reserved 1179648K
  class space    used 7897K, committed 8512K, reserved 1048576K
}
Event: 20.418 GC heap before
{Heap before GC invocations=115 (full 6):
 PSYoungGen      total 2560K, used 2143K [0x00000000d5580000, 0x00000000d5900000, 0x0000000100000000)
  eden space 1536K, 99% used [0x00000000d5580000,0x00000000d56ffff0,0x00000000d5700000)
  from space 1024K, 59% used [0x00000000d5780000,0x00000000d5818000,0x00000000d5880000)
  to   space 512K, 0% used [0x00000000d5880000,0x00000000d5880000,0x00000000d5900000)
 ParOldGen       total 133632K, used 107050K [0x0000000080000000, 0x0000000088280000, 0x00000000d5580000)
  object space 133632K, 80% used [0x0000000080000000,0x000000008688a858,0x0000000088280000)
 Metaspace       used 75864K, committed 77248K, reserved 1179648K
  class space    used 7906K, committed 8512K, reserved 1048576K
}
Event: 20.419 GC heap after
{Heap after GC invocations=115 (full 6):
 PSYoungGen      total 2048K, used 512K [0x00000000d5580000, 0x00000000d5900000, 0x0000000100000000)
  eden space 1536K, 0% used [0x00000000d5580000,0x00000000d5580000,0x00000000d5700000)
  from space 512K, 100% used [0x00000000d5880000,0x00000000d5900000,0x00000000d5900000)
  to   space 1024K, 0% used [0x00000000d5700000,0x00000000d5700000,0x00000000d5800000)
 ParOldGen       total 133632K, used 107138K [0x0000000080000000, 0x0000000088280000, 0x00000000d5580000)
  object space 133632K, 80% used [0x0000000080000000,0x00000000868a0858,0x0000000088280000)
 Metaspace       used 75864K, committed 77248K, reserved 1179648K
  class space    used 7906K, committed 8512K, reserved 1048576K
}
Event: 20.493 GC heap before
{Heap before GC invocations=116 (full 6):
 PSYoungGen      total 2048K, used 2048K [0x00000000d5580000, 0x00000000d5900000, 0x0000000100000000)
  eden space 1536K, 100% used [0x00000000d5580000,0x00000000d5700000,0x00000000d5700000)
  from space 512K, 100% used [0x00000000d5880000,0x00000000d5900000,0x00000000d5900000)
  to   space 1024K, 0% used [0x00000000d5700000,0x00000000d5700000,0x00000000d5800000)
 ParOldGen       total 133632K, used 107138K [0x0000000080000000, 0x0000000088280000, 0x00000000d5580000)
  object space 133632K, 80% used [0x0000000080000000,0x00000000868a0858,0x0000000088280000)
 Metaspace       used 75929K, committed 77312K, reserved 1179648K
  class space    used 7912K, committed 8512K, reserved 1048576K
}
Event: 20.495 GC heap after
{Heap after GC invocations=116 (full 6):
 PSYoungGen      total 2560K, used 576K [0x00000000d5580000, 0x00000000d5900000, 0x0000000100000000)
  eden space 1536K, 0% used [0x00000000d5580000,0x00000000d5580000,0x00000000d5700000)
  from space 1024K, 56% used [0x00000000d5700000,0x00000000d5790000,0x00000000d5800000)
  to   space 1024K, 0% used [0x00000000d5800000,0x00000000d5800000,0x00000000d5900000)
 ParOldGen       total 133632K, used 107242K [0x0000000080000000, 0x0000000088280000, 0x00000000d5580000)
  object space 133632K, 80% used [0x0000000080000000,0x00000000868ba858,0x0000000088280000)
 Metaspace       used 75929K, committed 77312K, reserved 1179648K
  class space    used 7912K, committed 8512K, reserved 1048576K
}
Event: 20.579 GC heap before
{Heap before GC invocations=117 (full 6):
 PSYoungGen      total 2560K, used 2112K [0x00000000d5580000, 0x00000000d5900000, 0x0000000100000000)
  eden space 1536K, 100% used [0x00000000d5580000,0x00000000d5700000,0x00000000d5700000)
  from space 1024K, 56% used [0x00000000d5700000,0x00000000d5790000,0x00000000d5800000)
  to   space 1024K, 0% used [0x00000000d5800000,0x00000000d5800000,0x00000000d5900000)
 ParOldGen       total 133632K, used 107242K [0x0000000080000000, 0x0000000088280000, 0x00000000d5580000)
  object space 133632K, 80% used [0x0000000080000000,0x00000000868ba858,0x0000000088280000)
 Metaspace       used 75964K, committed 77440K, reserved 1179648K
  class space    used 7916K, committed 8576K, reserved 1048576K
}
Event: 20.581 GC heap after
{Heap after GC invocations=117 (full 6):
 PSYoungGen      total 2560K, used 576K [0x00000000d5580000, 0x00000000d5900000, 0x0000000100000000)
  eden space 1536K, 0% used [0x00000000d5580000,0x00000000d5580000,0x00000000d5700000)
  from space 1024K, 56% used [0x00000000d5800000,0x00000000d5890000,0x00000000d5900000)
  to   space 1024K, 0% used [0x00000000d5700000,0x00000000d5700000,0x00000000d5800000)
 ParOldGen       total 133632K, used 107242K [0x0000000080000000, 0x0000000088280000, 0x00000000d5580000)
  object space 133632K, 80% used [0x0000000080000000,0x00000000868ba858,0x0000000088280000)
 Metaspace       used 75964K, committed 77440K, reserved 1179648K
  class space    used 7916K, committed 8576K, reserved 1048576K
}

