# JRE version: OpenJDK Runtime Environment Temurin-17.0.9+9 (17.0.9+9) (build 17.0.9+9)
# Java VM: OpenJDK 64-Bit Server VM Temurin-17.0.9+9 (17.0.9+9, mixed mode, tiered, compressed oops, compressed class ptrs, parallel gc, windows-amd64)
GC Precious Log:
 CPUs: 8 total, 8 available
 Memory: 7792M
 Large Page Support: Disabled
 NUMA Support: Disabled
 Compressed Oops: Enabled (32-bit)
 Alignments: Space 512K, Generation 512K, Heap 2M
 Heap Min Capacity: 100M
 Heap Initial Capacity: 100M
 Heap Max Capacity: 2G
 Pre-touch: Disabled
 Parallel Workers: 8
Heap:
 PSYoungGen      total 23040K, used 11829K [0x00000000d5580000, 0x00000000d6f80000, 0x0000000100000000)
  eden space 22016K, 50% used [0x00000000d5580000,0x00000000d6045550,0x00000000d6b00000)
  from space 1024K, 78% used [0x00000000d6e80000,0x00000000d6f48000,0x00000000d6f80000)
  to   space 1536K, 0% used [0x00000000d6c80000,0x00000000d6c80000,0x00000000d6e00000)
 ParOldGen       total 68608K, used 18332K [0x0000000080000000, 0x0000000084300000, 0x00000000d5580000)
  object space 68608K, 26% used [0x0000000080000000,0x00000000811e7020,0x0000000084300000)
 Metaspace       used 46091K, committed 47232K, reserved 1114112K
  class space    used 4915K, committed 5440K, reserved 1048576K
GC Heap History (20 events):
Event: 3.709 GC heap before
{Heap before GC invocations=7 (full 1):
 PSYoungGen      total 29696K, used 25600K [0x00000000d5580000, 0x00000000d7880000, 0x0000000100000000)
  eden space 25600K, 100% used [0x00000000d5580000,0x00000000d6e80000,0x00000000d6e80000)
  from space 4096K, 0% used [0x00000000d6e80000,0x00000000d6e80000,0x00000000d7280000)
  to   space 5120K, 0% used [0x00000000d7380000,0x00000000d7380000,0x00000000d7880000)
 ParOldGen       total 68608K, used 10675K [0x0000000080000000, 0x0000000084300000, 0x00000000d5580000)
  object space 68608K, 15% used [0x0000000080000000,0x0000000080a6cf48,0x0000000084300000)
 Metaspace       used 24390K, committed 24960K, reserved 1114112K
  class space    used 2480K, committed 2688K, reserved 1048576K
}
Event: 3.711 GC heap after
{Heap after GC invocations=7 (full 1):
 PSYoungGen      total 26112K, used 966K [0x00000000d5580000, 0x00000000d7480000, 0x0000000100000000)
  eden space 25088K, 0% used [0x00000000d5580000,0x00000000d5580000,0x00000000d6e00000)
  from space 1024K, 94% used [0x00000000d7380000,0x00000000d7471b18,0x00000000d7480000)
  to   space 2560K, 0% used [0x00000000d6f80000,0x00000000d6f80000,0x00000000d7200000)
 ParOldGen       total 68608K, used 10683K [0x0000000080000000, 0x0000000084300000, 0x00000000d5580000)
  object space 68608K, 15% used [0x0000000080000000,0x0000000080a6ef48,0x0000000084300000)
 Metaspace       used 24390K, committed 24960K, reserved 1114112K
  class space    used 2480K, committed 2688K, reserved 1048576K
}
Event: 3.992 GC heap before
{Heap before GC invocations=8 (full 1):
 PSYoungGen      total 26112K, used 26031K [0x00000000d5580000, 0x00000000d7480000, 0x0000000100000000)
  eden space 25088K, 99% used [0x00000000d5580000,0x00000000d6dfa138,0x00000000d6e00000)
  from space 1024K, 94% used [0x00000000d7380000,0x00000000d7471b18,0x00000000d7480000)
  to   space 2560K, 0% used [0x00000000d6f80000,0x00000000d6f80000,0x00000000d7200000)
 ParOldGen       total 68608K, used 10683K [0x0000000080000000, 0x0000000084300000, 0x00000000d5580000)
  object space 68608K, 15% used [0x0000000080000000,0x0000000080a6ef48,0x0000000084300000)
 Metaspace       used 27410K, committed 28224K, reserved 1114112K
  class space    used 2832K, committed 3200K, reserved 1048576K
}
Event: 3.995 GC heap after
{Heap after GC invocations=8 (full 1):
 PSYoungGen      total 27136K, used 2550K [0x00000000d5580000, 0x00000000d7580000, 0x0000000100000000)
  eden space 24576K, 0% used [0x00000000d5580000,0x00000000d5580000,0x00000000d6d80000)
  from space 2560K, 99% used [0x00000000d6f80000,0x00000000d71fda10,0x00000000d7200000)
  to   space 3584K, 0% used [0x00000000d7200000,0x00000000d7200000,0x00000000d7580000)
 ParOldGen       total 68608K, used 11588K [0x0000000080000000, 0x0000000084300000, 0x00000000d5580000)
  object space 68608K, 16% used [0x0000000080000000,0x0000000080b512c0,0x0000000084300000)
 Metaspace       used 27410K, committed 28224K, reserved 1114112K
  class space    used 2832K, committed 3200K, reserved 1048576K
}
Event: 4.182 GC heap before
{Heap before GC invocations=9 (full 1):
 PSYoungGen      total 27136K, used 27126K [0x00000000d5580000, 0x00000000d7580000, 0x0000000100000000)
  eden space 24576K, 100% used [0x00000000d5580000,0x00000000d6d80000,0x00000000d6d80000)
  from space 2560K, 99% used [0x00000000d6f80000,0x00000000d71fda10,0x00000000d7200000)
  to   space 3584K, 0% used [0x00000000d7200000,0x00000000d7200000,0x00000000d7580000)
 ParOldGen       total 68608K, used 11588K [0x0000000080000000, 0x0000000084300000, 0x00000000d5580000)
  object space 68608K, 16% used [0x0000000080000000,0x0000000080b512c0,0x0000000084300000)
 Metaspace       used 30235K, committed 30976K, reserved 1114112K
  class space    used 3018K, committed 3328K, reserved 1048576K
}
Event: 4.183 GC heap after
{Heap after GC invocations=9 (full 1):
 PSYoungGen      total 27136K, used 2905K [0x00000000d5580000, 0x00000000d7500000, 0x0000000100000000)
  eden space 24064K, 0% used [0x00000000d5580000,0x00000000d5580000,0x00000000d6d00000)
  from space 3072K, 94% used [0x00000000d7200000,0x00000000d74d6588,0x00000000d7500000)
  to   space 3584K, 0% used [0x00000000d6e00000,0x00000000d6e00000,0x00000000d7180000)
 ParOldGen       total 68608K, used 11588K [0x0000000080000000, 0x0000000084300000, 0x00000000d5580000)
  object space 68608K, 16% used [0x0000000080000000,0x0000000080b512c0,0x0000000084300000)
 Metaspace       used 30235K, committed 30976K, reserved 1114112K
  class space    used 3018K, committed 3328K, reserved 1048576K
}
Event: 4.334 GC heap before
{Heap before GC invocations=10 (full 1):
 PSYoungGen      total 27136K, used 26969K [0x00000000d5580000, 0x00000000d7500000, 0x0000000100000000)
  eden space 24064K, 100% used [0x00000000d5580000,0x00000000d6d00000,0x00000000d6d00000)
  from space 3072K, 94% used [0x00000000d7200000,0x00000000d74d6588,0x00000000d7500000)
  to   space 3584K, 0% used [0x00000000d6e00000,0x00000000d6e00000,0x00000000d7180000)
 ParOldGen       total 68608K, used 11588K [0x0000000080000000, 0x0000000084300000, 0x00000000d5580000)
  object space 68608K, 16% used [0x0000000080000000,0x0000000080b512c0,0x0000000084300000)
 Metaspace       used 32627K, committed 33472K, reserved 1114112K
  class space    used 3205K, committed 3584K, reserved 1048576K
}
Event: 4.336 GC heap after
{Heap after GC invocations=10 (full 1):
 PSYoungGen      total 26624K, used 2694K [0x00000000d5580000, 0x00000000d7280000, 0x0000000100000000)
  eden space 23552K, 0% used [0x00000000d5580000,0x00000000d5580000,0x00000000d6c80000)
  from space 3072K, 87% used [0x00000000d6e00000,0x00000000d70a1b20,0x00000000d7100000)
  to   space 1536K, 0% used [0x00000000d7100000,0x00000000d7100000,0x00000000d7280000)
 ParOldGen       total 68608K, used 12241K [0x0000000080000000, 0x0000000084300000, 0x00000000d5580000)
  object space 68608K, 17% used [0x0000000080000000,0x0000000080bf44b0,0x0000000084300000)
 Metaspace       used 32627K, committed 33472K, reserved 1114112K
  class space    used 3205K, committed 3584K, reserved 1048576K
}
Event: 4.637 GC heap before
{Heap before GC invocations=11 (full 1):
 PSYoungGen      total 26624K, used 17189K [0x00000000d5580000, 0x00000000d7280000, 0x0000000100000000)
  eden space 23552K, 61% used [0x00000000d5580000,0x00000000d63a7950,0x00000000d6c80000)
  from space 3072K, 87% used [0x00000000d6e00000,0x00000000d70a1b20,0x00000000d7100000)
  to   space 1536K, 0% used [0x00000000d7100000,0x00000000d7100000,0x00000000d7280000)
 ParOldGen       total 68608K, used 12241K [0x0000000080000000, 0x0000000084300000, 0x00000000d5580000)
  object space 68608K, 17% used [0x0000000080000000,0x0000000080bf44b0,0x0000000084300000)
 Metaspace       used 35010K, committed 35840K, reserved 1114112K
  class space    used 3466K, committed 3840K, reserved 1048576K
}
Event: 4.641 GC heap after
{Heap after GC invocations=11 (full 1):
 PSYoungGen      total 25088K, used 1526K [0x00000000d5580000, 0x00000000d7480000, 0x0000000100000000)
  eden space 23552K, 0% used [0x00000000d5580000,0x00000000d5580000,0x00000000d6c80000)
  from space 1536K, 99% used [0x00000000d7100000,0x00000000d727da70,0x00000000d7280000)
  to   space 4096K, 0% used [0x00000000d6c80000,0x00000000d6c80000,0x00000000d7080000)
 ParOldGen       total 68608K, used 14569K [0x0000000080000000, 0x0000000084300000, 0x00000000d5580000)
  object space 68608K, 21% used [0x0000000080000000,0x0000000080e3a680,0x0000000084300000)
 Metaspace       used 35010K, committed 35840K, reserved 1114112K
  class space    used 3466K, committed 3840K, reserved 1048576K
}
Event: 4.641 GC heap before
{Heap before GC invocations=12 (full 2):
 PSYoungGen      total 25088K, used 1526K [0x00000000d5580000, 0x00000000d7480000, 0x0000000100000000)
  eden space 23552K, 0% used [0x00000000d5580000,0x00000000d5580000,0x00000000d6c80000)
  from space 1536K, 99% used [0x00000000d7100000,0x00000000d727da70,0x00000000d7280000)
  to   space 4096K, 0% used [0x00000000d6c80000,0x00000000d6c80000,0x00000000d7080000)
 ParOldGen       total 68608K, used 14569K [0x0000000080000000, 0x0000000084300000, 0x00000000d5580000)
  object space 68608K, 21% used [0x0000000080000000,0x0000000080e3a680,0x0000000084300000)
 Metaspace       used 35010K, committed 35840K, reserved 1114112K
  class space    used 3466K, committed 3840K, reserved 1048576K
}
Event: 4.672 GC heap after
{Heap after GC invocations=12 (full 2):
 PSYoungGen      total 25088K, used 0K [0x00000000d5580000, 0x00000000d7480000, 0x0000000100000000)
  eden space 23552K, 0% used [0x00000000d5580000,0x00000000d5580000,0x00000000d6c80000)
  from space 1536K, 0% used [0x00000000d7100000,0x00000000d7100000,0x00000000d7280000)
  to   space 4096K, 0% used [0x00000000d6c80000,0x00000000d6c80000,0x00000000d7080000)
 ParOldGen       total 68608K, used 14243K [0x0000000080000000, 0x0000000084300000, 0x00000000d5580000)
  object space 68608K, 20% used [0x0000000080000000,0x0000000080de8e88,0x0000000084300000)
 Metaspace       used 34997K, committed 35840K, reserved 1114112K
  class space    used 3462K, committed 3840K, reserved 1048576K
}
Event: 5.185 GC heap before
{Heap before GC invocations=13 (full 2):
 PSYoungGen      total 25088K, used 23542K [0x00000000d5580000, 0x00000000d7480000, 0x0000000100000000)
  eden space 23552K, 99% used [0x00000000d5580000,0x00000000d6c7db78,0x00000000d6c80000)
  from space 1536K, 0% used [0x00000000d7100000,0x00000000d7100000,0x00000000d7280000)
  to   space 4096K, 0% used [0x00000000d6c80000,0x00000000d6c80000,0x00000000d7080000)
 ParOldGen       total 68608K, used 14243K [0x0000000080000000, 0x0000000084300000, 0x00000000d5580000)
  object space 68608K, 20% used [0x0000000080000000,0x0000000080de8e88,0x0000000084300000)
 Metaspace       used 38215K, committed 39104K, reserved 1114112K
  class space    used 3844K, committed 4224K, reserved 1048576K
}
Event: 5.187 GC heap after
{Heap after GC invocations=13 (full 2):
 PSYoungGen      total 25088K, used 1717K [0x00000000d5580000, 0x00000000d7180000, 0x0000000100000000)
  eden space 23040K, 0% used [0x00000000d5580000,0x00000000d5580000,0x00000000d6c00000)
  from space 2048K, 83% used [0x00000000d6c80000,0x00000000d6e2d708,0x00000000d6e80000)
  to   space 2560K, 0% used [0x00000000d6f00000,0x00000000d6f00000,0x00000000d7180000)
 ParOldGen       total 68608K, used 14251K [0x0000000080000000, 0x0000000084300000, 0x00000000d5580000)
  object space 68608K, 20% used [0x0000000080000000,0x0000000080deae88,0x0000000084300000)
 Metaspace       used 38215K, committed 39104K, reserved 1114112K
  class space    used 3844K, committed 4224K, reserved 1048576K
}
Event: 5.567 GC heap before
{Heap before GC invocations=14 (full 2):
 PSYoungGen      total 25088K, used 24757K [0x00000000d5580000, 0x00000000d7180000, 0x0000000100000000)
  eden space 23040K, 100% used [0x00000000d5580000,0x00000000d6c00000,0x00000000d6c00000)
  from space 2048K, 83% used [0x00000000d6c80000,0x00000000d6e2d708,0x00000000d6e80000)
  to   space 2560K, 0% used [0x00000000d6f00000,0x00000000d6f00000,0x00000000d7180000)
 ParOldGen       total 68608K, used 14251K [0x0000000080000000, 0x0000000084300000, 0x00000000d5580000)
  object space 68608K, 20% used [0x0000000080000000,0x0000000080deae88,0x0000000084300000)
 Metaspace       used 40736K, committed 41728K, reserved 1114112K
  class space    used 4187K, committed 4608K, reserved 1048576K
}
Event: 5.570 GC heap after
{Heap after GC invocations=14 (full 2):
 PSYoungGen      total 23552K, used 608K [0x00000000d5580000, 0x00000000d7000000, 0x0000000100000000)
  eden space 22528K, 0% used [0x00000000d5580000,0x00000000d5580000,0x00000000d6b80000)
  from space 1024K, 59% used [0x00000000d6f00000,0x00000000d6f98000,0x00000000d7000000)
  to   space 1536K, 0% used [0x00000000d6d00000,0x00000000d6d00000,0x00000000d6e80000)
 ParOldGen       total 68608K, used 15836K [0x0000000080000000, 0x0000000084300000, 0x00000000d5580000)
  object space 68608K, 23% used [0x0000000080000000,0x0000000080f77288,0x0000000084300000)
 Metaspace       used 40736K, committed 41728K, reserved 1114112K
  class space    used 4187K, committed 4608K, reserved 1048576K
}
Event: 6.333 GC heap before
{Heap before GC invocations=15 (full 2):
 PSYoungGen      total 23552K, used 23136K [0x00000000d5580000, 0x00000000d7000000, 0x0000000100000000)
  eden space 22528K, 100% used [0x00000000d5580000,0x00000000d6b80000,0x00000000d6b80000)
  from space 1024K, 59% used [0x00000000d6f00000,0x00000000d6f98000,0x00000000d7000000)
  to   space 1536K, 0% used [0x00000000d6d00000,0x00000000d6d00000,0x00000000d6e80000)
 ParOldGen       total 68608K, used 15836K [0x0000000080000000, 0x0000000084300000, 0x00000000d5580000)
  object space 68608K, 23% used [0x0000000080000000,0x0000000080f77288,0x0000000084300000)
 Metaspace       used 43302K, committed 44416K, reserved 1114112K
  class space    used 4532K, committed 5056K, reserved 1048576K
}
Event: 6.336 GC heap after
{Heap after GC invocations=15 (full 2):
 PSYoungGen      total 23552K, used 1510K [0x00000000d5580000, 0x00000000d7100000, 0x0000000100000000)
  eden space 22016K, 0% used [0x00000000d5580000,0x00000000d5580000,0x00000000d6b00000)
  from space 1536K, 98% used [0x00000000d6d00000,0x00000000d6e799f0,0x00000000d6e80000)
  to   space 2560K, 0% used [0x00000000d6e80000,0x00000000d6e80000,0x00000000d7100000)
 ParOldGen       total 68608K, used 17016K [0x0000000080000000, 0x0000000084300000, 0x00000000d5580000)
  object space 68608K, 24% used [0x0000000080000000,0x000000008109e068,0x0000000084300000)
 Metaspace       used 43302K, committed 44416K, reserved 1114112K
  class space    used 4532K, committed 5056K, reserved 1048576K
}
Event: 6.827 GC heap before
{Heap before GC invocations=16 (full 2):
 PSYoungGen      total 23552K, used 23526K [0x00000000d5580000, 0x00000000d7100000, 0x0000000100000000)
  eden space 22016K, 100% used [0x00000000d5580000,0x00000000d6b00000,0x00000000d6b00000)
  from space 1536K, 98% used [0x00000000d6d00000,0x00000000d6e799f0,0x00000000d6e80000)
  to   space 2560K, 0% used [0x00000000d6e80000,0x00000000d6e80000,0x00000000d7100000)
 ParOldGen       total 68608K, used 17016K [0x0000000080000000, 0x0000000084300000, 0x00000000d5580000)
  object space 68608K, 24% used [0x0000000080000000,0x000000008109e068,0x0000000084300000)
 Metaspace       used 44893K, committed 46016K, reserved 1114112K
  class space    used 4750K, committed 5248K, reserved 1048576K
}
Event: 6.829 GC heap after
{Heap after GC invocations=16 (full 2):
 PSYoungGen      total 23040K, used 800K [0x00000000d5580000, 0x00000000d6f80000, 0x0000000100000000)
  eden space 22016K, 0% used [0x00000000d5580000,0x00000000d5580000,0x00000000d6b00000)
  from space 1024K, 78% used [0x00000000d6e80000,0x00000000d6f48000,0x00000000d6f80000)
  to   space 1536K, 0% used [0x00000000d6c80000,0x00000000d6c80000,0x00000000d6e00000)
 ParOldGen       total 68608K, used 18332K [0x0000000080000000, 0x0000000084300000, 0x00000000d5580000)
  object space 68608K, 26% used [0x0000000080000000,0x00000000811e7020,0x0000000084300000)
 Metaspace       used 44893K, committed 46016K, reserved 1114112K
  class space    used 4750K, committed 5248K, reserved 1048576K
}

