# JRE version: OpenJDK Runtime Environment Temurin-17.0.9+9 (17.0.9+9) (build 17.0.9+9)
# Java VM: OpenJDK 64-Bit Server VM Temurin-17.0.9+9 (17.0.9+9, mixed mode, tiered, compressed oops, compressed class ptrs, parallel gc, windows-amd64)
GC Precious Log:
 CPUs: 8 total, 8 available
 Memory: 7792M
 Large Page Support: Disabled
 NUMA Support: Disabled
 Compressed Oops: Enabled (32-bit)
 Alignments: Space 512K, Generation 512K, Heap 2M
 Heap Min Capacity: 100M
 Heap Initial Capacity: 100M
 Heap Max Capacity: 2G
 Pre-touch: Disabled
 Parallel Workers: 8
Heap:
 PSYoungGen      total 14848K, used 10703K [0x00000000d5580000, 0x00000000d7300000, 0x0000000100000000)
  eden space 12288K, 68% used [0x00000000d5580000,0x00000000d5db3d80,0x00000000d6180000)
  from space 2560K, 89% used [0x00000000d7080000,0x00000000d72bfee0,0x00000000d7300000)
  to   space 6656K, 0% used [0x00000000d6600000,0x00000000d6600000,0x00000000d6c80000)
 ParOldGen       total 93184K, used 82357K [0x0000000080000000, 0x0000000085b00000, 0x00000000d5580000)
  object space 93184K, 88% used [0x0000000080000000,0x000000008506d790,0x0000000085b00000)
 Metaspace       used 76561K, committed 78080K, reserved 1179648K
  class space    used 7969K, committed 8704K, reserved 1048576K
GC Heap History (20 events):
Event: 11.530 GC heap before
{Heap before GC invocations=68 (full 5):
 PSYoungGen      total 14336K, used 1952K [0x00000000d5580000, 0x00000000d6980000, 0x0000000100000000)
  eden space 12288K, 0% used [0x00000000d5580000,0x00000000d5580000,0x00000000d6180000)
  from space 2048K, 95% used [0x00000000d6780000,0x00000000d6968020,0x00000000d6980000)
  to   space 3584K, 0% used [0x00000000d6280000,0x00000000d6280000,0x00000000d6600000)
 ParOldGen       total 89600K, used 89405K [0x0000000080000000, 0x0000000085780000, 0x00000000d5580000)
  object space 89600K, 99% used [0x0000000080000000,0x000000008574f488,0x0000000085780000)
 Metaspace       used 73458K, committed 74880K, reserved 1179648K
  class space    used 7654K, committed 8256K, reserved 1048576K
}
Event: 11.600 GC heap after
{Heap after GC invocations=68 (full 5):
 PSYoungGen      total 12800K, used 0K [0x00000000d5580000, 0x00000000d6880000, 0x0000000100000000)
  eden space 12288K, 0% used [0x00000000d5580000,0x00000000d5580000,0x00000000d6180000)
  from space 512K, 0% used [0x00000000d6280000,0x00000000d6280000,0x00000000d6300000)
  to   space 3584K, 0% used [0x00000000d6500000,0x00000000d6500000,0x00000000d6880000)
 ParOldGen       total 93184K, used 63919K [0x0000000080000000, 0x0000000085b00000, 0x00000000d5580000)
  object space 93184K, 68% used [0x0000000080000000,0x0000000083e6be58,0x0000000085b00000)
 Metaspace       used 73458K, committed 74880K, reserved 1179648K
  class space    used 7654K, committed 8256K, reserved 1048576K
}
Event: 11.688 GC heap before
{Heap before GC invocations=69 (full 5):
 PSYoungGen      total 12800K, used 12288K [0x00000000d5580000, 0x00000000d6880000, 0x0000000100000000)
  eden space 12288K, 100% used [0x00000000d5580000,0x00000000d6180000,0x00000000d6180000)
  from space 512K, 0% used [0x00000000d6280000,0x00000000d6280000,0x00000000d6300000)
  to   space 3584K, 0% used [0x00000000d6500000,0x00000000d6500000,0x00000000d6880000)
 ParOldGen       total 93184K, used 63919K [0x0000000080000000, 0x0000000085b00000, 0x00000000d5580000)
  object space 93184K, 68% used [0x0000000080000000,0x0000000083e6be58,0x0000000085b00000)
 Metaspace       used 73671K, committed 75072K, reserved 1179648K
  class space    used 7667K, committed 8256K, reserved 1048576K
}
Event: 11.692 GC heap after
{Heap after GC invocations=69 (full 5):
 PSYoungGen      total 13824K, used 1511K [0x00000000d5580000, 0x00000000d6680000, 0x0000000100000000)
  eden space 12288K, 0% used [0x00000000d5580000,0x00000000d5580000,0x00000000d6180000)
  from space 1536K, 98% used [0x00000000d6500000,0x00000000d6679d70,0x00000000d6680000)
  to   space 2048K, 0% used [0x00000000d6280000,0x00000000d6280000,0x00000000d6480000)
 ParOldGen       total 93184K, used 63927K [0x0000000080000000, 0x0000000085b00000, 0x00000000d5580000)
  object space 93184K, 68% used [0x0000000080000000,0x0000000083e6de58,0x0000000085b00000)
 Metaspace       used 73671K, committed 75072K, reserved 1179648K
  class space    used 7667K, committed 8256K, reserved 1048576K
}
Event: 11.948 GC heap before
{Heap before GC invocations=70 (full 5):
 PSYoungGen      total 13824K, used 13799K [0x00000000d5580000, 0x00000000d6680000, 0x0000000100000000)
  eden space 12288K, 100% used [0x00000000d5580000,0x00000000d6180000,0x00000000d6180000)
  from space 1536K, 98% used [0x00000000d6500000,0x00000000d6679d70,0x00000000d6680000)
  to   space 2048K, 0% used [0x00000000d6280000,0x00000000d6280000,0x00000000d6480000)
 ParOldGen       total 93184K, used 63927K [0x0000000080000000, 0x0000000085b00000, 0x00000000d5580000)
  object space 93184K, 68% used [0x0000000080000000,0x0000000083e6de58,0x0000000085b00000)
 Metaspace       used 75033K, committed 76480K, reserved 1179648K
  class space    used 7787K, committed 8448K, reserved 1048576K
}
Event: 11.951 GC heap after
{Heap after GC invocations=70 (full 5):
 PSYoungGen      total 13312K, used 1018K [0x00000000d5580000, 0x00000000d6580000, 0x0000000100000000)
  eden space 12288K, 0% used [0x00000000d5580000,0x00000000d5580000,0x00000000d6180000)
  from space 1024K, 99% used [0x00000000d6280000,0x00000000d637e8c8,0x00000000d6380000)
  to   space 1536K, 0% used [0x00000000d6400000,0x00000000d6400000,0x00000000d6580000)
 ParOldGen       total 93184K, used 65263K [0x0000000080000000, 0x0000000085b00000, 0x00000000d5580000)
  object space 93184K, 70% used [0x0000000080000000,0x0000000083fbbc08,0x0000000085b00000)
 Metaspace       used 75033K, committed 76480K, reserved 1179648K
  class space    used 7787K, committed 8448K, reserved 1048576K
}
Event: 12.313 GC heap before
{Heap before GC invocations=71 (full 5):
 PSYoungGen      total 13312K, used 13306K [0x00000000d5580000, 0x00000000d6580000, 0x0000000100000000)
  eden space 12288K, 100% used [0x00000000d5580000,0x00000000d6180000,0x00000000d6180000)
  from space 1024K, 99% used [0x00000000d6280000,0x00000000d637e8c8,0x00000000d6380000)
  to   space 1536K, 0% used [0x00000000d6400000,0x00000000d6400000,0x00000000d6580000)
 ParOldGen       total 93184K, used 65263K [0x0000000080000000, 0x0000000085b00000, 0x00000000d5580000)
  object space 93184K, 70% used [0x0000000080000000,0x0000000083fbbc08,0x0000000085b00000)
 Metaspace       used 75797K, committed 77312K, reserved 1179648K
  class space    used 7921K, committed 8640K, reserved 1048576K
}
Event: 12.315 GC heap after
{Heap after GC invocations=71 (full 5):
 PSYoungGen      total 12800K, used 448K [0x00000000d5580000, 0x00000000d6480000, 0x0000000100000000)
  eden space 12288K, 0% used [0x00000000d5580000,0x00000000d5580000,0x00000000d6180000)
  from space 512K, 87% used [0x00000000d6400000,0x00000000d6470000,0x00000000d6480000)
  to   space 1024K, 0% used [0x00000000d6280000,0x00000000d6280000,0x00000000d6380000)
 ParOldGen       total 93184K, used 66116K [0x0000000080000000, 0x0000000085b00000, 0x00000000d5580000)
  object space 93184K, 70% used [0x0000000080000000,0x00000000840913f0,0x0000000085b00000)
 Metaspace       used 75797K, committed 77312K, reserved 1179648K
  class space    used 7921K, committed 8640K, reserved 1048576K
}
Event: 12.767 GC heap before
{Heap before GC invocations=72 (full 5):
 PSYoungGen      total 12800K, used 12736K [0x00000000d5580000, 0x00000000d6480000, 0x0000000100000000)
  eden space 12288K, 100% used [0x00000000d5580000,0x00000000d6180000,0x00000000d6180000)
  from space 512K, 87% used [0x00000000d6400000,0x00000000d6470000,0x00000000d6480000)
  to   space 1024K, 0% used [0x00000000d6280000,0x00000000d6280000,0x00000000d6380000)
 ParOldGen       total 93184K, used 66116K [0x0000000080000000, 0x0000000085b00000, 0x00000000d5580000)
  object space 93184K, 70% used [0x0000000080000000,0x00000000840913f0,0x0000000085b00000)
 Metaspace       used 76018K, committed 77504K, reserved 1179648K
  class space    used 7936K, committed 8640K, reserved 1048576K
}
Event: 12.769 GC heap after
{Heap after GC invocations=72 (full 5):
 PSYoungGen      total 13312K, used 288K [0x00000000d5580000, 0x00000000d6480000, 0x0000000100000000)
  eden space 12288K, 0% used [0x00000000d5580000,0x00000000d5580000,0x00000000d6180000)
  from space 1024K, 28% used [0x00000000d6280000,0x00000000d62c8000,0x00000000d6380000)
  to   space 512K, 0% used [0x00000000d6400000,0x00000000d6400000,0x00000000d6480000)
 ParOldGen       total 93184K, used 66460K [0x0000000080000000, 0x0000000085b00000, 0x00000000d5580000)
  object space 93184K, 71% used [0x0000000080000000,0x00000000840e73f0,0x0000000085b00000)
 Metaspace       used 76018K, committed 77504K, reserved 1179648K
  class space    used 7936K, committed 8640K, reserved 1048576K
}
Event: 13.051 GC heap before
{Heap before GC invocations=73 (full 5):
 PSYoungGen      total 13312K, used 12576K [0x00000000d5580000, 0x00000000d6480000, 0x0000000100000000)
  eden space 12288K, 100% used [0x00000000d5580000,0x00000000d6180000,0x00000000d6180000)
  from space 1024K, 28% used [0x00000000d6280000,0x00000000d62c8000,0x00000000d6380000)
  to   space 512K, 0% used [0x00000000d6400000,0x00000000d6400000,0x00000000d6480000)
 ParOldGen       total 93184K, used 66460K [0x0000000080000000, 0x0000000085b00000, 0x00000000d5580000)
  object space 93184K, 71% used [0x0000000080000000,0x00000000840e73f0,0x0000000085b00000)
 Metaspace       used 76152K, committed 77632K, reserved 1179648K
  class space    used 7952K, committed 8640K, reserved 1048576K
}
Event: 13.052 GC heap after
{Heap after GC invocations=73 (full 5):
 PSYoungGen      total 12800K, used 416K [0x00000000d5580000, 0x00000000d6480000, 0x0000000100000000)
  eden space 12288K, 0% used [0x00000000d5580000,0x00000000d5580000,0x00000000d6180000)
  from space 512K, 81% used [0x00000000d6400000,0x00000000d6468000,0x00000000d6480000)
  to   space 512K, 0% used [0x00000000d6380000,0x00000000d6380000,0x00000000d6400000)
 ParOldGen       total 93184K, used 66468K [0x0000000080000000, 0x0000000085b00000, 0x00000000d5580000)
  object space 93184K, 71% used [0x0000000080000000,0x00000000840e93f0,0x0000000085b00000)
 Metaspace       used 76152K, committed 77632K, reserved 1179648K
  class space    used 7952K, committed 8640K, reserved 1048576K
}
Event: 13.228 GC heap before
{Heap before GC invocations=74 (full 5):
 PSYoungGen      total 12800K, used 12704K [0x00000000d5580000, 0x00000000d6480000, 0x0000000100000000)
  eden space 12288K, 100% used [0x00000000d5580000,0x00000000d6180000,0x00000000d6180000)
  from space 512K, 81% used [0x00000000d6400000,0x00000000d6468000,0x00000000d6480000)
  to   space 512K, 0% used [0x00000000d6380000,0x00000000d6380000,0x00000000d6400000)
 ParOldGen       total 93184K, used 66468K [0x0000000080000000, 0x0000000085b00000, 0x00000000d5580000)
  object space 93184K, 71% used [0x0000000080000000,0x00000000840e93f0,0x0000000085b00000)
 Metaspace       used 76246K, committed 77760K, reserved 1179648K
  class space    used 7955K, committed 8704K, reserved 1048576K
}
Event: 13.232 GC heap after
{Heap after GC invocations=74 (full 5):
 PSYoungGen      total 12800K, used 512K [0x00000000d5580000, 0x00000000d6f80000, 0x0000000100000000)
  eden space 12288K, 0% used [0x00000000d5580000,0x00000000d5580000,0x00000000d6180000)
  from space 512K, 100% used [0x00000000d6380000,0x00000000d6400000,0x00000000d6400000)
  to   space 7168K, 0% used [0x00000000d6880000,0x00000000d6880000,0x00000000d6f80000)
 ParOldGen       total 93184K, used 71901K [0x0000000080000000, 0x0000000085b00000, 0x00000000d5580000)
  object space 93184K, 77% used [0x0000000080000000,0x0000000084637720,0x0000000085b00000)
 Metaspace       used 76246K, committed 77760K, reserved 1179648K
  class space    used 7955K, committed 8704K, reserved 1048576K
}
Event: 13.422 GC heap before
{Heap before GC invocations=75 (full 5):
 PSYoungGen      total 12800K, used 12750K [0x00000000d5580000, 0x00000000d6f80000, 0x0000000100000000)
  eden space 12288K, 99% used [0x00000000d5580000,0x00000000d61738d8,0x00000000d6180000)
  from space 512K, 100% used [0x00000000d6380000,0x00000000d6400000,0x00000000d6400000)
  to   space 7168K, 0% used [0x00000000d6880000,0x00000000d6880000,0x00000000d6f80000)
 ParOldGen       total 93184K, used 71901K [0x0000000080000000, 0x0000000085b00000, 0x00000000d5580000)
  object space 93184K, 77% used [0x0000000080000000,0x0000000084637720,0x0000000085b00000)
 Metaspace       used 76282K, committed 77824K, reserved 1179648K
  class space    used 7958K, committed 8704K, reserved 1048576K
}
Event: 13.426 GC heap after
{Heap after GC invocations=75 (full 5):
 PSYoungGen      total 18432K, used 5852K [0x00000000d5580000, 0x00000000d6e80000, 0x0000000100000000)
  eden space 12288K, 0% used [0x00000000d5580000,0x00000000d5580000,0x00000000d6180000)
  from space 6144K, 95% used [0x00000000d6880000,0x00000000d6e371e8,0x00000000d6e80000)
  to   space 6144K, 0% used [0x00000000d6280000,0x00000000d6280000,0x00000000d6880000)
 ParOldGen       total 93184K, used 72141K [0x0000000080000000, 0x0000000085b00000, 0x00000000d5580000)
  object space 93184K, 77% used [0x0000000080000000,0x0000000084673720,0x0000000085b00000)
 Metaspace       used 76282K, committed 77824K, reserved 1179648K
  class space    used 7958K, committed 8704K, reserved 1048576K
}
Event: 13.543 GC heap before
{Heap before GC invocations=76 (full 5):
 PSYoungGen      total 18432K, used 18024K [0x00000000d5580000, 0x00000000d6e80000, 0x0000000100000000)
  eden space 12288K, 99% used [0x00000000d5580000,0x00000000d6162e28,0x00000000d6180000)
  from space 6144K, 95% used [0x00000000d6880000,0x00000000d6e371e8,0x00000000d6e80000)
  to   space 6144K, 0% used [0x00000000d6280000,0x00000000d6280000,0x00000000d6880000)
 ParOldGen       total 93184K, used 72141K [0x0000000080000000, 0x0000000085b00000, 0x00000000d5580000)
  object space 93184K, 77% used [0x0000000080000000,0x0000000084673720,0x0000000085b00000)
 Metaspace       used 76334K, committed 77888K, reserved 1179648K
  class space    used 7962K, committed 8704K, reserved 1048576K
}
Event: 13.552 GC heap after
{Heap after GC invocations=76 (full 5):
 PSYoungGen      total 18432K, used 6130K [0x00000000d5580000, 0x00000000d7f80000, 0x0000000100000000)
  eden space 12288K, 0% used [0x00000000d5580000,0x00000000d5580000,0x00000000d6180000)
  from space 6144K, 99% used [0x00000000d6280000,0x00000000d687c930,0x00000000d6880000)
  to   space 15360K, 0% used [0x00000000d7080000,0x00000000d7080000,0x00000000d7f80000)
 ParOldGen       total 93184K, used 79605K [0x0000000080000000, 0x0000000085b00000, 0x00000000d5580000)
  object space 93184K, 85% used [0x0000000080000000,0x0000000084dbd780,0x0000000085b00000)
 Metaspace       used 76334K, committed 77888K, reserved 1179648K
  class space    used 7962K, committed 8704K, reserved 1048576K
}
Event: 14.199 GC heap before
{Heap before GC invocations=77 (full 5):
 PSYoungGen      total 18432K, used 18418K [0x00000000d5580000, 0x00000000d7f80000, 0x0000000100000000)
  eden space 12288K, 100% used [0x00000000d5580000,0x00000000d6180000,0x00000000d6180000)
  from space 6144K, 99% used [0x00000000d6280000,0x00000000d687c930,0x00000000d6880000)
  to   space 15360K, 0% used [0x00000000d7080000,0x00000000d7080000,0x00000000d7f80000)
 ParOldGen       total 93184K, used 79605K [0x0000000080000000, 0x0000000085b00000, 0x00000000d5580000)
  object space 93184K, 85% used [0x0000000080000000,0x0000000084dbd780,0x0000000085b00000)
 Metaspace       used 76519K, committed 78016K, reserved 1179648K
  class space    used 7967K, committed 8704K, reserved 1048576K
}
Event: 14.205 GC heap after
{Heap after GC invocations=77 (full 5):
 PSYoungGen      total 14848K, used 2303K [0x00000000d5580000, 0x00000000d7300000, 0x0000000100000000)
  eden space 12288K, 0% used [0x00000000d5580000,0x00000000d5580000,0x00000000d6180000)
  from space 2560K, 89% used [0x00000000d7080000,0x00000000d72bfee0,0x00000000d7300000)
  to   space 6656K, 0% used [0x00000000d6600000,0x00000000d6600000,0x00000000d6c80000)
 ParOldGen       total 93184K, used 82357K [0x0000000080000000, 0x0000000085b00000, 0x00000000d5580000)
  object space 93184K, 88% used [0x0000000080000000,0x000000008506d790,0x0000000085b00000)
 Metaspace       used 76519K, committed 78016K, reserved 1179648K
  class space    used 7967K, committed 8704K, reserved 1048576K
}

