# JRE version: OpenJDK Runtime Environment Temurin-17.0.9+9 (17.0.9+9) (build 17.0.9+9)
# Java VM: OpenJDK 64-Bit Server VM Temurin-17.0.9+9 (17.0.9+9, mixed mode, tiered, compressed oops, compressed class ptrs, parallel gc, windows-amd64)
GC Precious Log:
 CPUs: 8 total, 8 available
 Memory: 7792M
 Large Page Support: Disabled
 NUMA Support: Disabled
 Compressed Oops: Enabled (32-bit)
 Alignments: Space 512K, Generation 512K, Heap 2M
 Heap Min Capacity: 100M
 Heap Initial Capacity: 100M
 Heap Max Capacity: 2G
 Pre-touch: Disabled
 Parallel Workers: 8
Heap:
 PSYoungGen      total 2560K, used 1464K [0x00000000d5580000, 0x00000000d5980000, 0x0000000100000000)
  eden space 2048K, 57% used [0x00000000d5580000,0x00000000d56a63a8,0x00000000d5780000)
  from space 512K, 56% used [0x00000000d5900000,0x00000000d5948000,0x00000000d5980000)
  to   space 512K, 0% used [0x00000000d5880000,0x00000000d5880000,0x00000000d5900000)
 ParOldGen       total 84992K, used 80739K [0x0000000080000000, 0x0000000085300000, 0x00000000d5580000)
  object space 84992K, 94% used [0x0000000080000000,0x0000000084ed8ea8,0x0000000085300000)
 Metaspace       used 77334K, committed 78784K, reserved 1179648K
  class space    used 8109K, committed 8768K, reserved 1048576K
GC Heap History (20 events):
Event: 62.308 GC heap before
{Heap before GC invocations=172 (full 5):
 PSYoungGen      total 3072K, used 2619K [0x00000000d5580000, 0x00000000d5a80000, 0x0000000100000000)
  eden space 2048K, 99% used [0x00000000d5580000,0x00000000d577ed68,0x00000000d5780000)
  from space 1024K, 56% used [0x00000000d5980000,0x00000000d5a10000,0x00000000d5a80000)
  to   space 1024K, 0% used [0x00000000d5880000,0x00000000d5880000,0x00000000d5980000)
 ParOldGen       total 84992K, used 76988K [0x0000000080000000, 0x0000000085300000, 0x00000000d5580000)
  object space 84992K, 90% used [0x0000000080000000,0x0000000084b2f008,0x0000000085300000)
 Metaspace       used 76601K, committed 78016K, reserved 1179648K
  class space    used 8076K, committed 8768K, reserved 1048576K
}
Event: 62.311 GC heap after
{Heap after GC invocations=172 (full 5):
 PSYoungGen      total 3072K, used 256K [0x00000000d5580000, 0x00000000d5a00000, 0x0000000100000000)
  eden space 2048K, 0% used [0x00000000d5580000,0x00000000d5580000,0x00000000d5780000)
  from space 1024K, 25% used [0x00000000d5880000,0x00000000d58c0000,0x00000000d5980000)
  to   space 512K, 0% used [0x00000000d5980000,0x00000000d5980000,0x00000000d5a00000)
 ParOldGen       total 84992K, used 77424K [0x0000000080000000, 0x0000000085300000, 0x00000000d5580000)
  object space 84992K, 91% used [0x0000000080000000,0x0000000084b9c240,0x0000000085300000)
 Metaspace       used 76601K, committed 78016K, reserved 1179648K
  class space    used 8076K, committed 8768K, reserved 1048576K
}
Event: 62.355 GC heap before
{Heap before GC invocations=173 (full 5):
 PSYoungGen      total 3072K, used 2304K [0x00000000d5580000, 0x00000000d5a00000, 0x0000000100000000)
  eden space 2048K, 100% used [0x00000000d5580000,0x00000000d5780000,0x00000000d5780000)
  from space 1024K, 25% used [0x00000000d5880000,0x00000000d58c0000,0x00000000d5980000)
  to   space 512K, 0% used [0x00000000d5980000,0x00000000d5980000,0x00000000d5a00000)
 ParOldGen       total 84992K, used 77424K [0x0000000080000000, 0x0000000085300000, 0x00000000d5580000)
  object space 84992K, 91% used [0x0000000080000000,0x0000000084b9c240,0x0000000085300000)
 Metaspace       used 76752K, committed 78208K, reserved 1179648K
  class space    used 8086K, committed 8768K, reserved 1048576K
}
Event: 62.356 GC heap after
{Heap after GC invocations=173 (full 5):
 PSYoungGen      total 2560K, used 397K [0x00000000d5580000, 0x00000000d5a00000, 0x0000000100000000)
  eden space 2048K, 0% used [0x00000000d5580000,0x00000000d5580000,0x00000000d5780000)
  from space 512K, 77% used [0x00000000d5980000,0x00000000d59e34c8,0x00000000d5a00000)
  to   space 512K, 0% used [0x00000000d5900000,0x00000000d5900000,0x00000000d5980000)
 ParOldGen       total 84992K, used 77512K [0x0000000080000000, 0x0000000085300000, 0x00000000d5580000)
  object space 84992K, 91% used [0x0000000080000000,0x0000000084bb2240,0x0000000085300000)
 Metaspace       used 76752K, committed 78208K, reserved 1179648K
  class space    used 8086K, committed 8768K, reserved 1048576K
}
Event: 62.365 GC heap before
{Heap before GC invocations=174 (full 5):
 PSYoungGen      total 2560K, used 2445K [0x00000000d5580000, 0x00000000d5a00000, 0x0000000100000000)
  eden space 2048K, 100% used [0x00000000d5580000,0x00000000d5780000,0x00000000d5780000)
  from space 512K, 77% used [0x00000000d5980000,0x00000000d59e34c8,0x00000000d5a00000)
  to   space 512K, 0% used [0x00000000d5900000,0x00000000d5900000,0x00000000d5980000)
 ParOldGen       total 84992K, used 77512K [0x0000000080000000, 0x0000000085300000, 0x00000000d5580000)
  object space 84992K, 91% used [0x0000000080000000,0x0000000084bb2240,0x0000000085300000)
 Metaspace       used 76759K, committed 78208K, reserved 1179648K
  class space    used 8086K, committed 8768K, reserved 1048576K
}
Event: 62.366 GC heap after
{Heap after GC invocations=174 (full 5):
 PSYoungGen      total 2560K, used 500K [0x00000000d5580000, 0x00000000d5a00000, 0x0000000100000000)
  eden space 2048K, 0% used [0x00000000d5580000,0x00000000d5580000,0x00000000d5780000)
  from space 512K, 97% used [0x00000000d5900000,0x00000000d597d200,0x00000000d5980000)
  to   space 512K, 0% used [0x00000000d5980000,0x00000000d5980000,0x00000000d5a00000)
 ParOldGen       total 84992K, used 77784K [0x0000000080000000, 0x0000000085300000, 0x00000000d5580000)
  object space 84992K, 91% used [0x0000000080000000,0x0000000084bf6038,0x0000000085300000)
 Metaspace       used 76759K, committed 78208K, reserved 1179648K
  class space    used 8086K, committed 8768K, reserved 1048576K
}
Event: 62.375 GC heap before
{Heap before GC invocations=175 (full 5):
 PSYoungGen      total 2560K, used 2548K [0x00000000d5580000, 0x00000000d5a00000, 0x0000000100000000)
  eden space 2048K, 100% used [0x00000000d5580000,0x00000000d5780000,0x00000000d5780000)
  from space 512K, 97% used [0x00000000d5900000,0x00000000d597d200,0x00000000d5980000)
  to   space 512K, 0% used [0x00000000d5980000,0x00000000d5980000,0x00000000d5a00000)
 ParOldGen       total 84992K, used 77784K [0x0000000080000000, 0x0000000085300000, 0x00000000d5580000)
  object space 84992K, 91% used [0x0000000080000000,0x0000000084bf6038,0x0000000085300000)
 Metaspace       used 76763K, committed 78208K, reserved 1179648K
  class space    used 8086K, committed 8768K, reserved 1048576K
}
Event: 62.376 GC heap after
{Heap after GC invocations=175 (full 5):
 PSYoungGen      total 2560K, used 512K [0x00000000d5580000, 0x00000000d5a00000, 0x0000000100000000)
  eden space 2048K, 0% used [0x00000000d5580000,0x00000000d5580000,0x00000000d5780000)
  from space 512K, 100% used [0x00000000d5980000,0x00000000d5a00000,0x00000000d5a00000)
  to   space 1024K, 0% used [0x00000000d5800000,0x00000000d5800000,0x00000000d5900000)
 ParOldGen       total 84992K, used 78268K [0x0000000080000000, 0x0000000085300000, 0x00000000d5580000)
  object space 84992K, 92% used [0x0000000080000000,0x0000000084c6f048,0x0000000085300000)
 Metaspace       used 76763K, committed 78208K, reserved 1179648K
  class space    used 8086K, committed 8768K, reserved 1048576K
}
Event: 62.389 GC heap before
{Heap before GC invocations=176 (full 5):
 PSYoungGen      total 2560K, used 2560K [0x00000000d5580000, 0x00000000d5a00000, 0x0000000100000000)
  eden space 2048K, 100% used [0x00000000d5580000,0x00000000d5780000,0x00000000d5780000)
  from space 512K, 100% used [0x00000000d5980000,0x00000000d5a00000,0x00000000d5a00000)
  to   space 1024K, 0% used [0x00000000d5800000,0x00000000d5800000,0x00000000d5900000)
 ParOldGen       total 84992K, used 78268K [0x0000000080000000, 0x0000000085300000, 0x00000000d5580000)
  object space 84992K, 92% used [0x0000000080000000,0x0000000084c6f048,0x0000000085300000)
 Metaspace       used 76766K, committed 78272K, reserved 1179648K
  class space    used 8086K, committed 8768K, reserved 1048576K
}
Event: 62.390 GC heap after
{Heap after GC invocations=176 (full 5):
 PSYoungGen      total 3072K, used 416K [0x00000000d5580000, 0x00000000d5a00000, 0x0000000100000000)
  eden space 2048K, 0% used [0x00000000d5580000,0x00000000d5580000,0x00000000d5780000)
  from space 1024K, 40% used [0x00000000d5800000,0x00000000d5868000,0x00000000d5900000)
  to   space 512K, 0% used [0x00000000d5980000,0x00000000d5980000,0x00000000d5a00000)
 ParOldGen       total 84992K, used 78724K [0x0000000080000000, 0x0000000085300000, 0x00000000d5580000)
  object space 84992K, 92% used [0x0000000080000000,0x0000000084ce1048,0x0000000085300000)
 Metaspace       used 76766K, committed 78272K, reserved 1179648K
  class space    used 8086K, committed 8768K, reserved 1048576K
}
Event: 62.396 GC heap before
{Heap before GC invocations=177 (full 5):
 PSYoungGen      total 3072K, used 2464K [0x00000000d5580000, 0x00000000d5a00000, 0x0000000100000000)
  eden space 2048K, 100% used [0x00000000d5580000,0x00000000d5780000,0x00000000d5780000)
  from space 1024K, 40% used [0x00000000d5800000,0x00000000d5868000,0x00000000d5900000)
  to   space 512K, 0% used [0x00000000d5980000,0x00000000d5980000,0x00000000d5a00000)
 ParOldGen       total 84992K, used 78724K [0x0000000080000000, 0x0000000085300000, 0x00000000d5580000)
  object space 84992K, 92% used [0x0000000080000000,0x0000000084ce1048,0x0000000085300000)
 Metaspace       used 76770K, committed 78272K, reserved 1179648K
  class space    used 8086K, committed 8768K, reserved 1048576K
}
Event: 62.399 GC heap after
{Heap after GC invocations=177 (full 5):
 PSYoungGen      total 2560K, used 416K [0x00000000d5580000, 0x00000000d5a00000, 0x0000000100000000)
  eden space 2048K, 0% used [0x00000000d5580000,0x00000000d5580000,0x00000000d5780000)
  from space 512K, 81% used [0x00000000d5980000,0x00000000d59e8040,0x00000000d5a00000)
  to   space 512K, 0% used [0x00000000d5900000,0x00000000d5900000,0x00000000d5980000)
 ParOldGen       total 84992K, used 79052K [0x0000000080000000, 0x0000000085300000, 0x00000000d5580000)
  object space 84992K, 93% used [0x0000000080000000,0x0000000084d33048,0x0000000085300000)
 Metaspace       used 76770K, committed 78272K, reserved 1179648K
  class space    used 8086K, committed 8768K, reserved 1048576K
}
Event: 62.422 GC heap before
{Heap before GC invocations=178 (full 5):
 PSYoungGen      total 2560K, used 2464K [0x00000000d5580000, 0x00000000d5a00000, 0x0000000100000000)
  eden space 2048K, 100% used [0x00000000d5580000,0x00000000d5780000,0x00000000d5780000)
  from space 512K, 81% used [0x00000000d5980000,0x00000000d59e8040,0x00000000d5a00000)
  to   space 512K, 0% used [0x00000000d5900000,0x00000000d5900000,0x00000000d5980000)
 ParOldGen       total 84992K, used 79052K [0x0000000080000000, 0x0000000085300000, 0x00000000d5580000)
  object space 84992K, 93% used [0x0000000080000000,0x0000000084d33048,0x0000000085300000)
 Metaspace       used 76810K, committed 78272K, reserved 1179648K
  class space    used 8086K, committed 8768K, reserved 1048576K
}
Event: 62.424 GC heap after
{Heap after GC invocations=178 (full 5):
 PSYoungGen      total 2560K, used 480K [0x00000000d5580000, 0x00000000d5a00000, 0x0000000100000000)
  eden space 2048K, 0% used [0x00000000d5580000,0x00000000d5580000,0x00000000d5780000)
  from space 512K, 93% used [0x00000000d5900000,0x00000000d5978000,0x00000000d5980000)
  to   space 512K, 0% used [0x00000000d5980000,0x00000000d5980000,0x00000000d5a00000)
 ParOldGen       total 84992K, used 79412K [0x0000000080000000, 0x0000000085300000, 0x00000000d5580000)
  object space 84992K, 93% used [0x0000000080000000,0x0000000084d8d088,0x0000000085300000)
 Metaspace       used 76810K, committed 78272K, reserved 1179648K
  class space    used 8086K, committed 8768K, reserved 1048576K
}
Event: 62.472 GC heap before
{Heap before GC invocations=179 (full 5):
 PSYoungGen      total 2560K, used 2528K [0x00000000d5580000, 0x00000000d5a00000, 0x0000000100000000)
  eden space 2048K, 100% used [0x00000000d5580000,0x00000000d5780000,0x00000000d5780000)
  from space 512K, 93% used [0x00000000d5900000,0x00000000d5978000,0x00000000d5980000)
  to   space 512K, 0% used [0x00000000d5980000,0x00000000d5980000,0x00000000d5a00000)
 ParOldGen       total 84992K, used 79412K [0x0000000080000000, 0x0000000085300000, 0x00000000d5580000)
  object space 84992K, 93% used [0x0000000080000000,0x0000000084d8d088,0x0000000085300000)
 Metaspace       used 76862K, committed 78336K, reserved 1179648K
  class space    used 8086K, committed 8768K, reserved 1048576K
}
Event: 62.474 GC heap after
{Heap after GC invocations=179 (full 5):
 PSYoungGen      total 2560K, used 512K [0x00000000d5580000, 0x00000000d5a00000, 0x0000000100000000)
  eden space 2048K, 0% used [0x00000000d5580000,0x00000000d5580000,0x00000000d5780000)
  from space 512K, 100% used [0x00000000d5980000,0x00000000d5a00000,0x00000000d5a00000)
  to   space 1024K, 0% used [0x00000000d5800000,0x00000000d5800000,0x00000000d5900000)
 ParOldGen       total 84992K, used 79764K [0x0000000080000000, 0x0000000085300000, 0x00000000d5580000)
  object space 84992K, 93% used [0x0000000080000000,0x0000000084de5088,0x0000000085300000)
 Metaspace       used 76862K, committed 78336K, reserved 1179648K
  class space    used 8086K, committed 8768K, reserved 1048576K
}
Event: 62.570 GC heap before
{Heap before GC invocations=180 (full 5):
 PSYoungGen      total 2560K, used 2555K [0x00000000d5580000, 0x00000000d5a00000, 0x0000000100000000)
  eden space 2048K, 99% used [0x00000000d5580000,0x00000000d577ed28,0x00000000d5780000)
  from space 512K, 100% used [0x00000000d5980000,0x00000000d5a00000,0x00000000d5a00000)
  to   space 1024K, 0% used [0x00000000d5800000,0x00000000d5800000,0x00000000d5900000)
 ParOldGen       total 84992K, used 79764K [0x0000000080000000, 0x0000000085300000, 0x00000000d5580000)
  object space 84992K, 93% used [0x0000000080000000,0x0000000084de5088,0x0000000085300000)
 Metaspace       used 77052K, committed 78528K, reserved 1179648K
  class space    used 8097K, committed 8768K, reserved 1048576K
}
Event: 62.572 GC heap after
{Heap after GC invocations=180 (full 5):
 PSYoungGen      total 3072K, used 731K [0x00000000d5580000, 0x00000000d5a00000, 0x0000000100000000)
  eden space 2048K, 0% used [0x00000000d5580000,0x00000000d5580000,0x00000000d5780000)
  from space 1024K, 71% used [0x00000000d5800000,0x00000000d58b6c40,0x00000000d5900000)
  to   space 1024K, 0% used [0x00000000d5900000,0x00000000d5900000,0x00000000d5a00000)
 ParOldGen       total 84992K, used 80139K [0x0000000080000000, 0x0000000085300000, 0x00000000d5580000)
  object space 84992K, 94% used [0x0000000080000000,0x0000000084e42e88,0x0000000085300000)
 Metaspace       used 77052K, committed 78528K, reserved 1179648K
  class space    used 8097K, committed 8768K, reserved 1048576K
}
Event: 62.600 GC heap before
{Heap before GC invocations=181 (full 5):
 PSYoungGen      total 3072K, used 2779K [0x00000000d5580000, 0x00000000d5a00000, 0x0000000100000000)
  eden space 2048K, 100% used [0x00000000d5580000,0x00000000d5780000,0x00000000d5780000)
  from space 1024K, 71% used [0x00000000d5800000,0x00000000d58b6c40,0x00000000d5900000)
  to   space 1024K, 0% used [0x00000000d5900000,0x00000000d5900000,0x00000000d5a00000)
 ParOldGen       total 84992K, used 80139K [0x0000000080000000, 0x0000000085300000, 0x00000000d5580000)
  object space 84992K, 94% used [0x0000000080000000,0x0000000084e42e88,0x0000000085300000)
 Metaspace       used 77218K, committed 78656K, reserved 1179648K
  class space    used 8103K, committed 8768K, reserved 1048576K
}
Event: 62.602 GC heap after
{Heap after GC invocations=181 (full 5):
 PSYoungGen      total 2560K, used 288K [0x00000000d5580000, 0x00000000d5980000, 0x0000000100000000)
  eden space 2048K, 0% used [0x00000000d5580000,0x00000000d5580000,0x00000000d5780000)
  from space 512K, 56% used [0x00000000d5900000,0x00000000d5948000,0x00000000d5980000)
  to   space 512K, 0% used [0x00000000d5880000,0x00000000d5880000,0x00000000d5900000)
 ParOldGen       total 84992K, used 80739K [0x0000000080000000, 0x0000000085300000, 0x00000000d5580000)
  object space 84992K, 94% used [0x0000000080000000,0x0000000084ed8ea8,0x0000000085300000)
 Metaspace       used 77218K, committed 78656K, reserved 1179648K
  class space    used 8103K, committed 8768K, reserved 1048576K
}

