# JRE version: OpenJDK Runtime Environment Temurin-17.0.9+9 (17.0.9+9) (build 17.0.9+9)
# Java VM: OpenJDK 64-Bit Server VM Temurin-17.0.9+9 (17.0.9+9, mixed mode, emulated-client, tiered, compressed oops, compressed class ptrs, g1 gc, windows-amd64)
GC Precious Log:
 CPUs: 8 total, 8 available
 Memory: 7792M
 Large Page Support: Disabled
 NUMA Support: Disabled
 Compressed Oops: Enabled (32-bit)
 Heap Region Size: 1M
 Heap Min Capacity: 8M
 Heap Initial Capacity: 122M
 Heap Max Capacity: 1G
 Pre-touch: Disabled
 Parallel Workers: 8
 Concurrent Workers: 2
 Concurrent Refinement Workers: 8
 Periodic GC: Disabled
Heap:
 garbage-first heap   total 112640K, used 33759K [0x00000000c0000000, 0x0000000100000000)
  region size 1024K, 1 young (1024K), 0 survivors (0K)
 Metaspace       used 61734K, committed 62464K, reserved 1114112K
  class space    used 7753K, committed 8064K, reserved 1048576K
GC Heap History (20 events):
Event: 72256.904 GC heap before
{Heap before GC invocations=4987 (full 4925):
 garbage-first heap   total 112640K, used 33759K [0x00000000c0000000, 0x0000000100000000)
  region size 1024K, 1 young (1024K), 0 survivors (0K)
 Metaspace       used 61734K, committed 62464K, reserved 1114112K
  class space    used 7753K, committed 8064K, reserved 1048576K
}
Event: 72256.940 GC heap after
{Heap after GC invocations=4988 (full 4926):
 garbage-first heap   total 112640K, used 33759K [0x00000000c0000000, 0x0000000100000000)
  region size 1024K, 0 young (0K), 0 survivors (0K)
 Metaspace       used 61734K, committed 62464K, reserved 1114112K
  class space    used 7753K, committed 8064K, reserved 1048576K
}
Event: 72267.138 GC heap before
{Heap before GC invocations=4988 (full 4926):
 garbage-first heap   total 112640K, used 33759K [0x00000000c0000000, 0x0000000100000000)
  region size 1024K, 1 young (1024K), 0 survivors (0K)
 Metaspace       used 61734K, committed 62464K, reserved 1114112K
  class space    used 7753K, committed 8064K, reserved 1048576K
}
Event: 72267.175 GC heap after
{Heap after GC invocations=4989 (full 4927):
 garbage-first heap   total 112640K, used 33759K [0x00000000c0000000, 0x0000000100000000)
  region size 1024K, 0 young (0K), 0 survivors (0K)
 Metaspace       used 61734K, committed 62464K, reserved 1114112K
  class space    used 7753K, committed 8064K, reserved 1048576K
}
Event: 72277.343 GC heap before
{Heap before GC invocations=4989 (full 4927):
 garbage-first heap   total 112640K, used 33759K [0x00000000c0000000, 0x0000000100000000)
  region size 1024K, 1 young (1024K), 0 survivors (0K)
 Metaspace       used 61734K, committed 62464K, reserved 1114112K
  class space    used 7753K, committed 8064K, reserved 1048576K
}
Event: 72277.381 GC heap after
{Heap after GC invocations=4990 (full 4928):
 garbage-first heap   total 112640K, used 33759K [0x00000000c0000000, 0x0000000100000000)
  region size 1024K, 0 young (0K), 0 survivors (0K)
 Metaspace       used 61734K, committed 62464K, reserved 1114112K
  class space    used 7753K, committed 8064K, reserved 1048576K
}
Event: 72287.558 GC heap before
{Heap before GC invocations=4990 (full 4928):
 garbage-first heap   total 112640K, used 33759K [0x00000000c0000000, 0x0000000100000000)
  region size 1024K, 1 young (1024K), 0 survivors (0K)
 Metaspace       used 61734K, committed 62464K, reserved 1114112K
  class space    used 7753K, committed 8064K, reserved 1048576K
}
Event: 72287.600 GC heap after
{Heap after GC invocations=4991 (full 4929):
 garbage-first heap   total 112640K, used 33759K [0x00000000c0000000, 0x0000000100000000)
  region size 1024K, 0 young (0K), 0 survivors (0K)
 Metaspace       used 61734K, committed 62464K, reserved 1114112K
  class space    used 7753K, committed 8064K, reserved 1048576K
}
Event: 72297.806 GC heap before
{Heap before GC invocations=4991 (full 4929):
 garbage-first heap   total 112640K, used 33759K [0x00000000c0000000, 0x0000000100000000)
  region size 1024K, 1 young (1024K), 0 survivors (0K)
 Metaspace       used 61734K, committed 62464K, reserved 1114112K
  class space    used 7753K, committed 8064K, reserved 1048576K
}
Event: 72297.854 GC heap after
{Heap after GC invocations=4992 (full 4930):
 garbage-first heap   total 112640K, used 33759K [0x00000000c0000000, 0x0000000100000000)
  region size 1024K, 0 young (0K), 0 survivors (0K)
 Metaspace       used 61734K, committed 62464K, reserved 1114112K
  class space    used 7753K, committed 8064K, reserved 1048576K
}
Event: 72308.042 GC heap before
{Heap before GC invocations=4992 (full 4930):
 garbage-first heap   total 112640K, used 33759K [0x00000000c0000000, 0x0000000100000000)
  region size 1024K, 1 young (1024K), 0 survivors (0K)
 Metaspace       used 61734K, committed 62464K, reserved 1114112K
  class space    used 7753K, committed 8064K, reserved 1048576K
}
Event: 72308.079 GC heap after
{Heap after GC invocations=4993 (full 4931):
 garbage-first heap   total 112640K, used 33759K [0x00000000c0000000, 0x0000000100000000)
  region size 1024K, 0 young (0K), 0 survivors (0K)
 Metaspace       used 61734K, committed 62464K, reserved 1114112K
  class space    used 7753K, committed 8064K, reserved 1048576K
}
Event: 72318.240 GC heap before
{Heap before GC invocations=4993 (full 4931):
 garbage-first heap   total 112640K, used 33759K [0x00000000c0000000, 0x0000000100000000)
  region size 1024K, 1 young (1024K), 0 survivors (0K)
 Metaspace       used 61734K, committed 62464K, reserved 1114112K
  class space    used 7753K, committed 8064K, reserved 1048576K
}
Event: 72318.275 GC heap after
{Heap after GC invocations=4994 (full 4932):
 garbage-first heap   total 112640K, used 33759K [0x00000000c0000000, 0x0000000100000000)
  region size 1024K, 0 young (0K), 0 survivors (0K)
 Metaspace       used 61734K, committed 62464K, reserved 1114112K
  class space    used 7753K, committed 8064K, reserved 1048576K
}
Event: 72328.585 GC heap before
{Heap before GC invocations=4994 (full 4932):
 garbage-first heap   total 112640K, used 33759K [0x00000000c0000000, 0x0000000100000000)
  region size 1024K, 1 young (1024K), 0 survivors (0K)
 Metaspace       used 61734K, committed 62464K, reserved 1114112K
  class space    used 7753K, committed 8064K, reserved 1048576K
}
Event: 72328.646 GC heap after
{Heap after GC invocations=4995 (full 4933):
 garbage-first heap   total 112640K, used 33759K [0x00000000c0000000, 0x0000000100000000)
  region size 1024K, 0 young (0K), 0 survivors (0K)
 Metaspace       used 61734K, committed 62464K, reserved 1114112K
  class space    used 7753K, committed 8064K, reserved 1048576K
}
Event: 72338.838 GC heap before
{Heap before GC invocations=4995 (full 4933):
 garbage-first heap   total 112640K, used 33759K [0x00000000c0000000, 0x0000000100000000)
  region size 1024K, 1 young (1024K), 0 survivors (0K)
 Metaspace       used 61734K, committed 62464K, reserved 1114112K
  class space    used 7753K, committed 8064K, reserved 1048576K
}
Event: 72338.875 GC heap after
{Heap after GC invocations=4996 (full 4934):
 garbage-first heap   total 112640K, used 33759K [0x00000000c0000000, 0x0000000100000000)
  region size 1024K, 0 young (0K), 0 survivors (0K)
 Metaspace       used 61734K, committed 62464K, reserved 1114112K
  class space    used 7753K, committed 8064K, reserved 1048576K
}
Event: 72349.085 GC heap before
{Heap before GC invocations=4996 (full 4934):
 garbage-first heap   total 112640K, used 33759K [0x00000000c0000000, 0x0000000100000000)
  region size 1024K, 1 young (1024K), 0 survivors (0K)
 Metaspace       used 61734K, committed 62464K, reserved 1114112K
  class space    used 7753K, committed 8064K, reserved 1048576K
}
Event: 72349.142 GC heap after
{Heap after GC invocations=4997 (full 4935):
 garbage-first heap   total 112640K, used 33759K [0x00000000c0000000, 0x0000000100000000)
  region size 1024K, 0 young (0K), 0 survivors (0K)
 Metaspace       used 61734K, committed 62464K, reserved 1114112K
  class space    used 7753K, committed 8064K, reserved 1048576K
}

